\BOOKMARK [0][-]{chapter*.1}{\376\377\000E\000r\000k\000l\000\344\000r\000u\000n\000g}{}% 1
\BOOKMARK [0][-]{chapter*.3}{\376\377\000V\000o\000r\000w\000o\000r\000t}{}% 2
\BOOKMARK [0][-]{chapter*.4}{\376\377\000K\000u\000r\000z\000f\000a\000s\000s\000u\000n\000g}{}% 3
\BOOKMARK [0][-]{chapter*.5}{\376\377\000A\000b\000s\000t\000r\000a\000c\000t}{}% 4
\BOOKMARK [0][-]{chapter.1}{\376\377\000E\000i\000n\000l\000e\000i\000t\000u\000n\000g}{}% 5
\BOOKMARK [1][-]{section.1.1}{\376\377\000Z\000i\000e\000l\000s\000e\000t\000z\000u\000n\000g}{chapter.1}% 6
\BOOKMARK [1][-]{section.1.2}{\376\377\000W\000a\000r\000u\000m\000\040\000L\000a\000T\000e\000X\000?}{chapter.1}% 7
\BOOKMARK [1][-]{section.1.3}{\376\377\000A\000u\000f\000b\000a\000u\000\040\000d\000e\000r\000\040\000A\000r\000b\000e\000i\000t}{chapter.1}% 8
\BOOKMARK [0][-]{chapter.2}{\376\377\000D\000i\000e\000\040\000A\000b\000s\000c\000h\000l\000u\000s\000s\000a\000r\000b\000e\000i\000t}{}% 9
\BOOKMARK [1][-]{section.2.1}{\376\377\000E\000l\000e\000m\000e\000n\000t\000e\000\040\000d\000e\000r\000\040\000A\000b\000s\000c\000h\000l\000u\000s\000s\000a\000r\000b\000e\000i\000t}{chapter.2}% 10
\BOOKMARK [1][-]{section.2.2}{\376\377\000A\000r\000b\000e\000i\000t\000e\000n\000\040\000i\000n\000\040\000E\000n\000g\000l\000i\000s\000c\000h}{chapter.2}% 11
\BOOKMARK [0][-]{chapter.3}{\376\377\000Z\000u\000m\000\040\000A\000r\000b\000e\000i\000t\000e\000n\000\040\000m\000i\000t\000\040\000L\000a\000T\000e\000X}{}% 12
\BOOKMARK [1][-]{section.3.1}{\376\377\000E\000i\000n\000s\000t\000i\000e\000g}{chapter.3}% 13
\BOOKMARK [2][-]{subsection.3.1.1}{\376\377\000S\000o\000f\000t\000w\000a\000r\000e}{section.3.1}% 14
\BOOKMARK [2][-]{subsection.3.1.2}{\376\377\000L\000i\000t\000e\000r\000a\000t\000u\000r}{section.3.1}% 15
\BOOKMARK [1][-]{section.3.2}{\376\377\000S\000c\000h\000r\000i\000f\000t}{chapter.3}% 16
\BOOKMARK [2][-]{subsection.3.2.1}{\376\377\000S\000c\000h\000r\000i\000f\000t\000a\000r\000t\000e\000n}{section.3.2}% 17
\BOOKMARK [2][-]{subsection.3.2.2}{\376\377\000T\000e\000x\000t\000e\000\040\000h\000e\000r\000v\000o\000r\000h\000e\000b\000e\000n}{section.3.2}% 18
\BOOKMARK [1][-]{section.3.3}{\376\377\000T\000e\000x\000t\000s\000t\000r\000u\000k\000t\000u\000r}{chapter.3}% 19
\BOOKMARK [2][-]{subsection.3.3.1}{\376\377\000A\000b\000s\000a\000t\000z\000t\000r\000e\000n\000n\000u\000n\000g}{section.3.3}% 20
\BOOKMARK [2][-]{subsection.3.3.2}{\376\377\000\334\000b\000e\000r\000s\000c\000h\000r\000i\000f\000t\000e\000n}{section.3.3}% 21
\BOOKMARK [2][-]{subsection.3.3.3}{\376\377\000L\000i\000s\000t\000e\000n}{section.3.3}% 22
\BOOKMARK [2][-]{subsection.3.3.4}{\376\377\000A\000b\000s\000a\000t\000z\000f\000o\000r\000m\000a\000t\000i\000e\000r\000u\000n\000g\000\040\000u\000n\000d\000\040\000Z\000e\000i\000l\000e\000n\000a\000b\000s\000t\000a\000n\000d}{section.3.3}% 23
\BOOKMARK [2][-]{subsection.3.3.5}{\376\377\000F\000u\000\337\000n\000o\000t\000e\000n}{section.3.3}% 24
\BOOKMARK [2][-]{subsection.3.3.6}{\376\377\000Q\000u\000e\000r\000v\000e\000r\000w\000e\000i\000s\000e}{section.3.3}% 25
\BOOKMARK [1][-]{section.3.4}{\376\377\000W\000o\000r\000t\000a\000b\000s\000t\000a\000n\000d\000\040\000u\000n\000d\000\040\000I\000n\000t\000e\000r\000p\000u\000n\000k\000t\000i\000o\000n}{chapter.3}% 26
\BOOKMARK [2][-]{subsection.3.4.1}{\376\377\000F\000r\000e\000n\000c\000h\000\040\000S\000p\000a\000c\000i\000n\000g}{section.3.4}% 27
\BOOKMARK [2][-]{subsection.3.4.2}{\376\377\000G\000e\000d\000a\000n\000k\000e\000n\000-\000\040\000u\000n\000d\000\040\000B\000i\000n\000d\000e\000s\000t\000r\000i\000c\000h\000e}{section.3.4}% 28
\BOOKMARK [2][-]{subsection.3.4.3}{\376\377\000K\000o\000m\000m\000e\000n\000t\000a\000r\000e}{section.3.4}% 29
\BOOKMARK [2][-]{subsection.3.4.4}{\376\377\000A\000n\000f\000\374\000h\000r\000u\000n\000g\000s\000z\000e\000i\000c\000h\000e\000n\000\040\000\050\000H\000o\000c\000h\000k\000o\000m\000m\000a\000s\000\051}{section.3.4}% 30
\BOOKMARK [1][-]{section.3.5}{\376\377\000A\000b\000t\000e\000i\000l\000e\000n\000\040\000\050\000S\000i\000l\000b\000e\000n\000t\000r\000e\000n\000n\000u\000n\000g\000,\000\040\000H\000y\000p\000h\000e\000n\000a\000t\000i\000o\000n\000\051}{chapter.3}% 31
\BOOKMARK [2][-]{subsection.3.5.1}{\376\377\000A\000u\000t\000o\000m\000a\000t\000i\000s\000c\000h\000e\000r\000\040\000Z\000e\000i\000l\000e\000n\000u\000m\000b\000r\000u\000c\000h}{section.3.5}% 32
\BOOKMARK [2][-]{subsection.3.5.2}{\376\377\000M\000a\000n\000u\000e\000l\000l\000e\000r\000\040\000Z\000e\000i\000l\000e\000n\000u\000m\000b\000r\000u\000c\000h}{section.3.5}% 33
\BOOKMARK [1][-]{section.3.6}{\376\377\000D\000a\000s\000\040\000h\000a\000g\000e\000n\000b\000e\000r\000g\000-\000t\000h\000e\000s\000i\000s\000-\000P\000a\000k\000e\000t}{chapter.3}% 34
\BOOKMARK [2][-]{subsection.3.6.1}{\376\377\000E\000i\000n\000s\000t\000e\000l\000l\000u\000n\000g\000e\000n}{section.3.6}% 35
\BOOKMARK [2][-]{subsection.3.6.2}{\376\377\000D\000e\000f\000i\000n\000i\000e\000r\000t\000e\000\040\000A\000b\000k\000\374\000r\000z\000u\000n\000g\000e\000n}{section.3.6}% 36
\BOOKMARK [2][-]{subsection.3.6.3}{\376\377\000S\000p\000r\000a\000c\000h\000u\000m\000s\000c\000h\000a\000l\000t\000u\000n\000g}{section.3.6}% 37
\BOOKMARK [2][-]{subsection.3.6.4}{\376\377\000Z\000u\000s\000\344\000t\000z\000l\000i\000c\000h\000e\000\040\000L\000a\000T\000e\000X\000-\000P\000a\000k\000e\000t\000e}{section.3.6}% 38
\BOOKMARK [1][-]{section.3.7}{\376\377\000L\000a\000T\000e\000X\000-\000F\000e\000h\000l\000e\000r\000m\000e\000l\000d\000u\000n\000g\000e\000n\000\040\000u\000n\000d\000\040\000W\000a\000r\000n\000u\000n\000g\000e\000n}{chapter.3}% 39
\BOOKMARK [0][-]{chapter.4}{\376\377\000A\000b\000b\000i\000l\000d\000u\000n\000g\000e\000n\000,\000\040\000T\000a\000b\000e\000l\000l\000e\000n\000,\000\040\000Q\000u\000e\000l\000l\000c\000o\000d\000e}{}% 40
\BOOKMARK [1][-]{section.4.1}{\376\377\000A\000l\000l\000g\000e\000m\000e\000i\000n\000e\000s}{chapter.4}% 41
\BOOKMARK [1][-]{section.4.2}{\376\377\000L\000e\000t\000\040\000T\000h\000e\000m\000\040\000F\000l\000o\000a\000t\000!}{chapter.4}% 42
\BOOKMARK [1][-]{section.4.3}{\376\377\000C\000a\000p\000t\000i\000o\000n\000s}{chapter.4}% 43
\BOOKMARK [1][-]{section.4.4}{\376\377\000A\000b\000b\000i\000l\000d\000u\000n\000g\000e\000n}{chapter.4}% 44
\BOOKMARK [2][-]{subsection.4.4.1}{\376\377\000W\000o\000\040\000l\000i\000e\000g\000e\000n\000\040\000d\000i\000e\000\040\000G\000r\000a\000f\000i\000k\000d\000a\000t\000e\000i\000e\000n\000?}{section.4.4}% 45
\BOOKMARK [2][-]{subsection.4.4.2}{\376\377\000G\000r\000a\000f\000i\000k\000e\000n\000\040\000e\000i\000n\000r\000a\000h\000m\000e\000n}{section.4.4}% 46
\BOOKMARK [2][-]{subsection.4.4.3}{\376\377\000R\000a\000s\000t\000e\000r\000b\000i\000l\000d\000e\000r\000\040\000\050\000P\000i\000x\000e\000l\000g\000r\000a\000f\000i\000k\000e\000n\000\051}{section.4.4}% 47
\BOOKMARK [2][-]{subsection.4.4.4}{\376\377\000V\000e\000k\000t\000o\000r\000g\000r\000a\000f\000i\000k\000e\000n}{section.4.4}% 48
\BOOKMARK [2][-]{subsection.4.4.5}{\376\377\000T\000e\000X\000-\000S\000c\000h\000r\000i\000f\000t\000e\000n\000\040\000a\000u\000c\000h\000\040\000i\000n\000\040\000G\000r\000a\000f\000i\000k\000e\000n\000?}{section.4.4}% 49
\BOOKMARK [2][-]{subsection.4.4.6}{\376\377\000F\000\374\000r\000\040\000G\000o\000u\000r\000m\000e\000t\000s\000:\000\040\000G\000r\000a\000f\000i\000k\000e\000n\000\040\000m\000i\000t\000\040\000L\000a\000T\000e\000X\000-\000O\000v\000e\000r\000l\000a\000y\000s}{section.4.4}% 50
\BOOKMARK [2][-]{subsection.4.4.7}{\376\377\000A\000b\000b\000i\000l\000d\000u\000n\000g\000e\000n\000\040\000m\000i\000t\000\040\000m\000e\000h\000r\000e\000r\000e\000n\000\040\000E\000l\000e\000m\000e\000n\000t\000e\000n}{section.4.4}% 51
\BOOKMARK [2][-]{subsection.4.4.8}{\376\377\000Q\000u\000e\000l\000l\000e\000n\000a\000n\000g\000a\000b\000e\000n\000\040\000i\000n\000\040\000C\000a\000p\000t\000i\000o\000n\000s}{section.4.4}% 52
\BOOKMARK [1][-]{section.4.5}{\376\377\000T\000a\000b\000e\000l\000l\000e\000n}{chapter.4}% 53
\BOOKMARK [1][-]{section.4.6}{\376\377\000P\000r\000o\000g\000r\000a\000m\000m\000t\000e\000x\000t\000e}{chapter.4}% 54
\BOOKMARK [2][-]{subsection.4.6.1}{\376\377\000F\000o\000r\000m\000a\000t\000i\000e\000r\000u\000n\000g\000\040\000v\000o\000n\000\040\000P\000r\000o\000g\000r\000a\000m\000m\000c\000o\000d\000e}{section.4.6}% 55
\BOOKMARK [2][-]{subsection.4.6.2}{\376\377\000P\000l\000a\000t\000z\000i\000e\000r\000u\000n\000g\000\040\000v\000o\000n\000\040\000P\000r\000o\000g\000r\000a\000m\000m\000c\000o\000d\000e}{section.4.6}% 56
\BOOKMARK [0][-]{chapter.5}{\376\377\000M\000a\000t\000h\000e\000m\000.\000\040\000F\000o\000r\000m\000e\000l\000n\000\040\000e\000t\000c\000.}{}% 57
\BOOKMARK [1][-]{section.5.1}{\376\377\000M\000a\000t\000h\000e\000m\000a\000t\000i\000s\000c\000h\000e\000\040\000E\000l\000e\000m\000e\000n\000t\000e\000\040\000i\000m\000\040\000F\000l\000i\000e\000\337\000t\000e\000x\000t}{chapter.5}% 58
\BOOKMARK [1][-]{section.5.2}{\376\377\000F\000r\000e\000i\000g\000e\000s\000t\000e\000l\000l\000t\000e\000\040\000A\000u\000s\000d\000r\000\374\000c\000k\000e}{chapter.5}% 59
\BOOKMARK [2][-]{subsection.5.2.1}{\376\377\000E\000i\000n\000f\000a\000c\000h\000e\000\040\000G\000l\000e\000i\000c\000h\000u\000n\000g\000e\000n}{section.5.2}% 60
\BOOKMARK [2][-]{subsection.5.2.2}{\376\377\000M\000e\000h\000r\000z\000e\000i\000l\000i\000g\000e\000\040\000G\000l\000e\000i\000c\000h\000u\000n\000g\000e\000n}{section.5.2}% 61
\BOOKMARK [2][-]{subsection.5.2.3}{\376\377\000F\000a\000l\000l\000u\000n\000t\000e\000r\000s\000c\000h\000e\000i\000d\000u\000n\000g\000e\000n}{section.5.2}% 62
\BOOKMARK [2][-]{subsection.5.2.4}{\376\377\000G\000l\000e\000i\000c\000h\000u\000n\000g\000e\000n\000\040\000m\000i\000t\000\040\000M\000a\000t\000r\000i\000z\000e\000n}{section.5.2}% 63
\BOOKMARK [2][-]{subsection.5.2.5}{\376\377\000V\000e\000r\000w\000e\000i\000s\000e\000\040\000a\000u\000f\000\040\000G\000l\000e\000i\000c\000h\000u\000n\000g\000e\000n}{section.5.2}% 64
\BOOKMARK [1][-]{section.5.3}{\376\377\000S\000p\000e\000z\000i\000e\000l\000l\000e\000\040\000S\000y\000m\000b\000o\000l\000e}{chapter.5}% 65
\BOOKMARK [2][-]{subsection.5.3.1}{\376\377\000Z\000a\000h\000l\000e\000n\000m\000e\000n\000g\000e\000n}{section.5.3}% 66
\BOOKMARK [2][-]{subsection.5.3.2}{\376\377\000O\000p\000e\000r\000a\000t\000o\000r\000e\000n}{section.5.3}% 67
\BOOKMARK [2][-]{subsection.5.3.3}{\376\377\000V\000a\000r\000i\000a\000b\000l\000e\000\040\000\050\000S\000y\000m\000b\000o\000l\000e\000\051\000\040\000m\000i\000t\000\040\000m\000e\000h\000r\000e\000r\000e\000n\000\040\000Z\000e\000i\000c\000h\000e\000n}{section.5.3}% 68
\BOOKMARK [2][-]{subsection.5.3.4}{\376\377\000F\000u\000n\000k\000t\000i\000o\000n\000e\000n}{section.5.3}% 69
\BOOKMARK [2][-]{subsection.5.3.5}{\376\377\000M\000a\000\337\000e\000i\000n\000h\000e\000i\000t\000e\000n\000\040\000u\000n\000d\000\040\000W\000\344\000h\000r\000u\000n\000g\000e\000n}{section.5.3}% 70
\BOOKMARK [2][-]{subsection.5.3.6}{\376\377\000K\000o\000m\000m\000a\000s\000\040\000i\000n\000\040\000D\000e\000z\000i\000m\000a\000l\000z\000a\000h\000l\000e\000n\000\040\000\050\000M\000a\000t\000h\000e\000m\000a\000t\000i\000k\000-\000M\000o\000d\000u\000s\000\051}{section.5.3}% 71
\BOOKMARK [2][-]{subsection.5.3.7}{\376\377\000M\000a\000t\000h\000e\000m\000a\000t\000i\000s\000c\000h\000e\000\040\000W\000e\000r\000k\000z\000e\000u\000g\000e}{section.5.3}% 72
\BOOKMARK [1][-]{section.5.4}{\376\377\000A\000l\000g\000o\000r\000i\000t\000h\000m\000e\000n}{chapter.5}% 73
\BOOKMARK [0][-]{chapter.6}{\376\377\000U\000m\000g\000a\000n\000g\000\040\000m\000i\000t\000\040\000L\000i\000t\000e\000r\000a\000t\000u\000r}{}% 74
\BOOKMARK [1][-]{section.6.1}{\376\377\000A\000l\000l\000g\000e\000m\000e\000i\000n\000e\000s}{chapter.6}% 75
\BOOKMARK [1][-]{section.6.2}{\376\377\000Q\000u\000e\000l\000l\000e\000n\000v\000e\000r\000w\000e\000i\000s\000e}{chapter.6}% 76
\BOOKMARK [2][-]{subsection.6.2.1}{\376\377\000D\000a\000s\000\040\000\134\000c\000i\000t\000e\000\040\000M\000a\000k\000r\000o}{section.6.2}% 77
\BOOKMARK [2][-]{subsection.6.2.2}{\376\377\000M\000e\000h\000r\000f\000a\000c\000h\000e\000\040\000Q\000u\000e\000l\000l\000e\000n\000a\000n\000g\000a\000b\000e\000n\000\040\000m\000i\000t\000\040\000Z\000u\000s\000a\000t\000z\000t\000e\000x\000t\000e\000n}{section.6.2}% 78
\BOOKMARK [2][-]{subsection.6.2.3}{\376\377\000U\000n\000t\000e\000r\000d\000r\000\374\000c\000k\000u\000n\000g\000\040\000d\000e\000r\000\040\000R\000\374\000c\000k\000v\000e\000r\000w\000e\000i\000s\000e\000\040\000m\000i\000t\000\040\000\134\000c\000i\000t\000e\000n\000o\000b\000r}{section.6.2}% 79
\BOOKMARK [2][-]{subsection.6.2.4}{\376\377\000H\000\344\000u\000f\000i\000g\000e\000\040\000F\000e\000h\000l\000e\000r}{section.6.2}% 80
\BOOKMARK [2][-]{subsection.6.2.5}{\376\377\000U\000m\000g\000a\000n\000g\000\040\000m\000i\000t\000\040\000S\000e\000k\000u\000n\000d\000\344\000r\000q\000u\000e\000l\000l\000e\000n}{section.6.2}% 81
\BOOKMARK [1][-]{section.6.3}{\376\377\000Q\000u\000e\000l\000l\000e\000n\000v\000e\000r\000z\000e\000i\000c\000h\000n\000i\000s}{chapter.6}% 82
\BOOKMARK [2][-]{subsection.6.3.1}{\376\377\000L\000i\000t\000e\000r\000a\000t\000u\000r\000d\000a\000t\000e\000n\000\040\000i\000n\000\040\000B\000i\000b\000T\000e\000X}{section.6.3}% 83
\BOOKMARK [2][-]{subsection.6.3.2}{\376\377\000K\000a\000t\000e\000g\000o\000r\000i\000e\000n\000\040\000v\000o\000n\000\040\000Q\000u\000e\000l\000l\000e\000n\000a\000n\000g\000a\000b\000e\000n}{section.6.3}% 84
\BOOKMARK [2][-]{subsection.6.3.3}{\376\377\000G\000e\000d\000r\000u\000c\000k\000t\000e\000\040\000Q\000u\000e\000l\000l\000e\000n\000\040\000\050\000l\000i\000t\000e\000r\000a\000t\000u\000r\000e\000\051}{section.6.3}% 85
\BOOKMARK [2][-]{subsection.6.3.4}{\376\377\000F\000i\000l\000m\000e\000\040\000u\000n\000d\000\040\000a\000u\000d\000i\000o\000-\000v\000i\000s\000u\000e\000l\000l\000e\000\040\000M\000e\000d\000i\000e\000n\000\040\000\050\000a\000v\000m\000e\000d\000i\000a\000\051}{section.6.3}% 86
\BOOKMARK [2][-]{subsection.6.3.5}{\376\377\000S\000o\000f\000t\000w\000a\000r\000e\000\040\000\050\000s\000o\000f\000t\000w\000a\000r\000e\000\051}{section.6.3}% 87
\BOOKMARK [2][-]{subsection.6.3.6}{\376\377\000O\000n\000l\000i\000n\000e\000-\000Q\000u\000e\000l\000l\000e\000n\000\040\000\050\000o\000n\000l\000i\000n\000e\000\051}{section.6.3}% 88
\BOOKMARK [2][-]{subsection.6.3.7}{\376\377\000T\000i\000p\000p\000s\000\040\000z\000u\000r\000\040\000E\000r\000s\000t\000e\000l\000l\000u\000n\000g\000\040\000v\000o\000n\000\040\000B\000i\000b\000T\000e\000X\000-\000D\000a\000t\000e\000i\000e\000n}{section.6.3}% 89
\BOOKMARK [1][-]{section.6.4}{\376\377\000P\000l\000a\000g\000i\000a\000t\000\040\000u\000n\000d\000\040\000P\000a\000r\000a\000p\000h\000r\000a\000s\000e}{chapter.6}% 90
\BOOKMARK [0][-]{chapter.7}{\376\377\000D\000r\000u\000c\000k\000e\000n\000\040\000d\000e\000r\000\040\000A\000b\000s\000c\000h\000l\000u\000s\000s\000a\000r\000b\000e\000i\000t}{}% 91
\BOOKMARK [1][-]{section.7.1}{\376\377\000P\000D\000F\000-\000W\000o\000r\000k\000f\000l\000o\000w}{chapter.7}% 92
\BOOKMARK [1][-]{section.7.2}{\376\377\000D\000r\000u\000c\000k\000e\000n}{chapter.7}% 93
\BOOKMARK [2][-]{subsection.7.2.1}{\376\377\000D\000r\000u\000c\000k\000e\000r\000\040\000u\000n\000d\000\040\000P\000a\000p\000i\000e\000r}{section.7.2}% 94
\BOOKMARK [2][-]{subsection.7.2.2}{\376\377\000D\000r\000u\000c\000k\000g\000r\000\366\000\337\000e}{section.7.2}% 95
\BOOKMARK [1][-]{section.7.3}{\376\377\000B\000i\000n\000d\000e\000n}{chapter.7}% 96
\BOOKMARK [1][-]{section.7.4}{\376\377\000E\000l\000e\000k\000t\000r\000o\000n\000i\000s\000c\000h\000e\000\040\000D\000a\000t\000e\000n\000t\000r\000\344\000g\000e\000r\000\040\000\050\000C\000D\000-\000R\000,\000\040\000D\000V\000D\000,\000\040\000U\000S\000B\000-\000S\000t\000i\000c\000k\000\051}{chapter.7}% 97
\BOOKMARK [0][-]{chapter.8}{\376\377\000S\000c\000h\000l\000u\000s\000s\000b\000e\000m\000e\000r\000k\000u\000n\000g\000e\000n}{}% 98
\BOOKMARK [1][-]{section.8.1}{\376\377\000L\000e\000s\000e\000n\000\040\000u\000n\000d\000\040\000l\000e\000s\000e\000n\000\040\000l\000a\000s\000s\000e\000n}{chapter.8}% 99
\BOOKMARK [1][-]{section.8.2}{\376\377\000C\000h\000e\000c\000k\000l\000i\000s\000t\000e}{chapter.8}% 100
\BOOKMARK [0][-]{appendix.A}{\376\377\000T\000e\000c\000h\000n\000i\000s\000c\000h\000e\000\040\000I\000n\000f\000o\000r\000m\000a\000t\000i\000o\000n\000e\000n}{}% 101
\BOOKMARK [1][-]{section.A.1}{\376\377\000A\000k\000t\000u\000e\000l\000l\000e\000\040\000D\000a\000t\000e\000i\000v\000e\000r\000s\000i\000o\000n\000e\000n}{appendix.A}% 102
\BOOKMARK [1][-]{section.A.2}{\376\377\000D\000e\000t\000a\000i\000l\000s\000\040\000z\000u\000r\000\040\000a\000k\000t\000u\000e\000l\000l\000e\000n\000\040\000V\000e\000r\000s\000i\000o\000n}{appendix.A}% 103
\BOOKMARK [2][-]{subsection.A.2.1}{\376\377\000A\000l\000l\000g\000e\000m\000e\000i\000n\000e\000\040\000t\000e\000c\000h\000n\000i\000s\000c\000h\000e\000\040\000V\000o\000r\000a\000u\000s\000s\000e\000t\000z\000u\000n\000g\000e\000n}{section.A.2}% 104
\BOOKMARK [2][-]{subsection.A.2.2}{\376\377\000V\000e\000r\000w\000e\000n\000d\000u\000n\000g\000\040\000u\000n\000t\000e\000r\000\040\000W\000i\000n\000d\000o\000w\000s}{section.A.2}% 105
\BOOKMARK [2][-]{subsection.A.2.3}{\376\377\000V\000e\000r\000w\000e\000n\000d\000u\000n\000g\000\040\000u\000n\000t\000e\000r\000\040\000M\000a\000c\000\040\000O\000S}{section.A.2}% 106
\BOOKMARK [0][-]{appendix.B}{\376\377\000I\000n\000h\000a\000l\000t\000\040\000d\000e\000r\000\040\000C\000D\000-\000R\000O\000M\000/\000D\000V\000D}{}% 107
\BOOKMARK [1][-]{section.B.1}{\376\377\000P\000D\000F\000-\000D\000a\000t\000e\000i\000e\000n}{appendix.B}% 108
\BOOKMARK [1][-]{section.B.2}{\376\377\000L\000a\000T\000e\000X\000-\000D\000a\000t\000e\000i\000e\000n}{appendix.B}% 109
\BOOKMARK [1][-]{section.B.3}{\376\377\000S\000t\000y\000l\000e\000/\000C\000l\000a\000s\000s\000-\000D\000a\000t\000e\000i\000e\000n}{appendix.B}% 110
\BOOKMARK [1][-]{section.B.4}{\376\377\000S\000o\000n\000s\000t\000i\000g\000e\000s}{appendix.B}% 111
\BOOKMARK [0][-]{appendix.C}{\376\377\000F\000r\000a\000g\000e\000b\000o\000g\000e\000n}{}% 112
\BOOKMARK [1][-]{section.C.1}{\376\377\000D\000a\000s\000\040\000p\000d\000f\000p\000a\000g\000e\000s\000-\000P\000a\000k\000e\000t}{appendix.C}% 113
\BOOKMARK [1][-]{section.C.2}{\376\377\000V\000e\000r\000w\000e\000i\000s\000e\000\040\000a\000u\000f\000\040\000e\000i\000n\000g\000e\000b\000u\000n\000d\000e\000n\000e\000\040\000P\000D\000F\000-\000S\000e\000i\000t\000e\000n}{appendix.C}% 114
\BOOKMARK [0][-]{appendix.D}{\376\377\000L\000a\000T\000e\000X\000-\000Q\000u\000e\000l\000l\000k\000o\000d\000e}{}% 115
\BOOKMARK [0][-]{appendix*.21}{\376\377\000Q\000u\000e\000l\000l\000e\000n\000v\000e\000r\000z\000e\000i\000c\000h\000n\000i\000s}{}% 116
\BOOKMARK [1][-]{section*.22}{\376\377\000L\000i\000t\000e\000r\000a\000t\000u\000r}{appendix*.21}% 117
\BOOKMARK [1][-]{section*.23}{\376\377\000A\000u\000d\000i\000o\000v\000i\000s\000u\000e\000l\000l\000e\000\040\000M\000e\000d\000i\000e\000n}{appendix*.21}% 118
\BOOKMARK [1][-]{section*.24}{\376\377\000S\000o\000f\000t\000w\000a\000r\000e}{appendix*.21}% 119
\BOOKMARK [1][-]{section*.25}{\376\377\000O\000n\000l\000i\000n\000e\000-\000Q\000u\000e\000l\000l\000e\000n}{appendix*.21}% 120
