This is pdfTeX, Version 3.14159265-2.6-1.40.20 (MiKTeX 2.9.7050 64-bit) (preloaded format=pdflatex 2019.6.4)  6 JUN 2019 12:20
entering extended mode
**c:/Users/Hannes/projects/bachelorarbeit/bachelorThesis/main.tex
(c:/Users/Hannes/projects/bachelorarbeit/bachelorThesis/main.tex
LaTeX2e <2018-12-01>
(hgbthesis.cls
Document Class: hgbthesis 2019/05/11
("C:\Program Files\MiKTeX 2.9\tex/latex/xifthen\xifthen.sty"
Package: xifthen 2015/11/05 v1.4.0 Extended ifthen features
 ("C:\Program Files\MiKTeX 2.9\tex/latex/tools\calc.sty"
Package: calc 2017/05/25 v4.3 Infix arithmetic (KKT,FJ)
\calc@Acount=\count80
\calc@Bcount=\count81
\calc@Adimen=\dimen102
\calc@Bdimen=\dimen103
\calc@Askip=\skip41
\calc@Bskip=\skip42
LaTeX Info: Redefining \setlength on input line 80.
LaTeX Info: Redefining \addtolength on input line 81.
\calc@Ccount=\count82
\calc@Cskip=\skip43
) ("C:\Program Files\MiKTeX 2.9\tex/latex/base\ifthen.sty"
Package: ifthen 2014/09/29 v1.1c Standard LaTeX ifthen package (DPC)
) ("C:\Program Files\MiKTeX 2.9\tex/latex/ifmtarg\ifmtarg.sty"
Package: ifmtarg 2018/04/16 v1.2b check for an empty argument
)) ("C:\Program Files\MiKTeX 2.9\tex/generic/oberdiek\ifpdf.sty"
Package: ifpdf 2018/09/07 v3.3 Provides the ifpdf switch
) ("C:\Program Files\MiKTeX 2.9\tex/latex/base\book.cls"
Document Class: book 2018/09/03 v1.4i Standard LaTeX document class
("C:\Program Files\MiKTeX 2.9\tex/latex/base\bk11.clo"
File: bk11.clo 2018/09/03 v1.4i Standard LaTeX file (size option)
)
\c@part=\count83
\c@chapter=\count84
\c@section=\count85
\c@subsection=\count86
\c@subsubsection=\count87
\c@paragraph=\count88
\c@subparagraph=\count89
\c@figure=\count90
\c@table=\count91
\abovecaptionskip=\skip44
\belowcaptionskip=\skip45
\bibindent=\dimen104
) ("C:\Program Files\MiKTeX 2.9\tex/latex/geometry\geometry.sty"
Package: geometry 2018/04/16 v5.8 Page Geometry
 ("C:\Program Files\MiKTeX 2.9\tex/latex/graphics\keyval.sty"
Package: keyval 2014/10/28 v1.15 key=value parser (DPC)
\KV@toks@=\toks14
) ("C:\Program Files\MiKTeX 2.9\tex/generic/oberdiek\ifvtex.sty"
Package: ifvtex 2016/05/16 v1.6 Detect VTeX and its facilities (HO)
Package ifvtex Info: VTeX not detected.
) ("C:\Program Files\MiKTeX 2.9\tex/generic/ifxetex\ifxetex.sty"
Package: ifxetex 2010/09/12 v0.6 Provides ifxetex conditional
)
\Gm@cnth=\count92
\Gm@cntv=\count93
\c@Gm@tempcnt=\count94
\Gm@bindingoffset=\dimen105
\Gm@wd@mp=\dimen106
\Gm@odd@mp=\dimen107
\Gm@even@mp=\dimen108
\Gm@layoutwidth=\dimen109
\Gm@layoutheight=\dimen110
\Gm@layouthoffset=\dimen111
\Gm@layoutvoffset=\dimen112
\Gm@dimlist=\toks15
 ("C:\Program Files\MiKTeX 2.9\tex/latex/geometry\geometry.cfg")) (hgb.sty
Package: hgb 2019/05/11

******************* hgb.sty (options=english,smartquotes,) ***********************
("C:\Program Files\MiKTeX 2.9\tex/latex/lm\lmodern.sty"
Package: lmodern 2009/10/30 v1.6 Latin Modern Fonts
LaTeX Font Info:    Overwriting symbol font `operators' in version `normal'
(Font)                  OT1/cmr/m/n --> OT1/lmr/m/n on input line 22.
LaTeX Font Info:    Overwriting symbol font `letters' in version `normal'
(Font)                  OML/cmm/m/it --> OML/lmm/m/it on input line 23.
LaTeX Font Info:    Overwriting symbol font `symbols' in version `normal'
(Font)                  OMS/cmsy/m/n --> OMS/lmsy/m/n on input line 24.
LaTeX Font Info:    Overwriting symbol font `largesymbols' in version `normal'
(Font)                  OMX/cmex/m/n --> OMX/lmex/m/n on input line 25.
LaTeX Font Info:    Overwriting symbol font `operators' in version `bold'
(Font)                  OT1/cmr/bx/n --> OT1/lmr/bx/n on input line 26.
LaTeX Font Info:    Overwriting symbol font `letters' in version `bold'
(Font)                  OML/cmm/b/it --> OML/lmm/b/it on input line 27.
LaTeX Font Info:    Overwriting symbol font `symbols' in version `bold'
(Font)                  OMS/cmsy/b/n --> OMS/lmsy/b/n on input line 28.
LaTeX Font Info:    Overwriting symbol font `largesymbols' in version `bold'
(Font)                  OMX/cmex/m/n --> OMX/lmex/m/n on input line 29.
LaTeX Font Info:    Overwriting math alphabet `\mathbf' in version `normal'
(Font)                  OT1/cmr/bx/n --> OT1/lmr/bx/n on input line 31.
LaTeX Font Info:    Overwriting math alphabet `\mathsf' in version `normal'
(Font)                  OT1/cmss/m/n --> OT1/lmss/m/n on input line 32.
LaTeX Font Info:    Overwriting math alphabet `\mathit' in version `normal'
(Font)                  OT1/cmr/m/it --> OT1/lmr/m/it on input line 33.
LaTeX Font Info:    Overwriting math alphabet `\mathtt' in version `normal'
(Font)                  OT1/cmtt/m/n --> OT1/lmtt/m/n on input line 34.
LaTeX Font Info:    Overwriting math alphabet `\mathbf' in version `bold'
(Font)                  OT1/cmr/bx/n --> OT1/lmr/bx/n on input line 35.
LaTeX Font Info:    Overwriting math alphabet `\mathsf' in version `bold'
(Font)                  OT1/cmss/bx/n --> OT1/lmss/bx/n on input line 36.
LaTeX Font Info:    Overwriting math alphabet `\mathit' in version `bold'
(Font)                  OT1/cmr/bx/it --> OT1/lmr/bx/it on input line 37.
LaTeX Font Info:    Overwriting math alphabet `\mathtt' in version `bold'
(Font)                  OT1/cmtt/m/n --> OT1/lmtt/m/n on input line 38.
) ("C:\Program Files\MiKTeX 2.9\tex/latex/cmap\cmap.sty"
Package: cmap 2008/03/06 v1.0h CMap support: searchable PDF
) ("C:\Program Files\MiKTeX 2.9\tex/latex/base\inputenc.sty"
Package: inputenc 2018/08/11 v1.3c Input encoding file
\inpenc@prehook=\toks16
\inpenc@posthook=\toks17
) ("C:\Program Files\MiKTeX 2.9\tex/latex/base\fontenc.sty"
Package: fontenc 2018/08/11 v2.0j Standard LaTeX package
 ("C:\Program Files\MiKTeX 2.9\tex/latex/base\t1enc.def"
File: t1enc.def 2018/08/11 v2.0j Standard LaTeX file
LaTeX Font Info:    Redeclaring font encoding T1 on input line 48.
)<<t1.cmap>>) ("C:\Program Files\MiKTeX 2.9\tex/generic/babel\babel.sty"
Package: babel 2019/05/04 3.31 The Babel package
 ("C:\Program Files\MiKTeX 2.9\tex/generic/babel\switch.def"
File: switch.def 2019/05/04 3.31 Babel switching mechanism
)
*************************************
* Local config file bblopts.cfg used
*
("C:\Program Files\MiKTeX 2.9\tex/latex/arabi\bblopts.cfg"
File: bblopts.cfg 2005/09/08 v0.1 add Arabic and Farsi to "declared" options of babel
) ("C:\Program Files\MiKTeX 2.9\tex/latex/babel-german\ngerman.ldf"
Language: ngerman 2018/12/08 v2.11 German support for babel (post-1996 orthography)
 ("C:\Program Files\MiKTeX 2.9\tex/latex/babel-german\ngermanb.ldf"
Language: ngermanb 2018/12/08 v2.11 German support for babel (post-1996 orthography)
 ("C:\Program Files\MiKTeX 2.9\tex/generic/babel\babel.def"
File: babel.def 2019/05/04 3.31 Babel common definitions
\babel@savecnt=\count95
\U@D=\dimen113
 ("C:\Program Files\MiKTeX 2.9\tex/generic/babel\txtbabel.def")
\bbl@dirlevel=\count96
)
Package babel Info: Making " an active character on input line 121.
)) ("C:\Program Files\MiKTeX 2.9\tex/latex/babel-english\english.ldf"
Language: english 2017/06/06 v3.3r English support from the babel system
\l@canadian = a dialect from \language\l@american 
\l@australian = a dialect from \language\l@british 
\l@newzealand = a dialect from \language\l@british 
) ("C:\Program Files\MiKTeX 2.9\tex/latex/babel-english\english.ldf"
Language: english 2017/06/06 v3.3r English support from the babel system
)) ("C:\Program Files\MiKTeX 2.9\tex/latex/csquotes\csquotes.sty"
Package: csquotes 2019/05/10 v5.2e context-sensitive quotations (JAW)
 ("C:\Program Files\MiKTeX 2.9\tex/latex/etoolbox\etoolbox.sty"
Package: etoolbox 2018/08/19 v2.5f e-TeX tools for LaTeX (JAW)
\etb@tempcnta=\count97
)
\csq@reset=\count98
\csq@gtype=\count99
\csq@glevel=\count100
\csq@qlevel=\count101
\csq@maxlvl=\count102
\csq@tshold=\count103
\csq@ltx@everypar=\toks18
 ("C:\Program Files\MiKTeX 2.9\tex/latex/csquotes\csquotes.def"
File: csquotes.def 2019/05/10 v5.2e csquotes generic definitions (JAW)
)
Package csquotes Info: Trying to load configuration file 'csquotes.cfg'...
Package csquotes Info: ... configuration file loaded successfully.
 ("C:\Program Files\MiKTeX 2.9\tex/latex/csquotes\csquotes.cfg"
File: csquotes.cfg 
)
Package csquotes Info: Enabling multilingual quotes.
Package csquotes Info: Redefining alias 'german' -> 'german/quotes'.
)
Package csquotes Info: Allocating character ".
 ("C:\Program Files\MiKTeX 2.9\tex/latex/datetime\datetime.sty"
Package: datetime 2015/03/20 v2.60 Date Time Package
 ("C:\Program Files\MiKTeX 2.9\tex/latex/fmtcount\fmtcount.sty"
Package: fmtcount 2017/12/24 v3.05
 ("C:\Program Files\MiKTeX 2.9\tex/latex/xkeyval\xkeyval.sty"
Package: xkeyval 2014/12/03 v2.7a package option processing (HA)
 ("C:\Program Files\MiKTeX 2.9\tex/generic/xkeyval\xkeyval.tex" ("C:\Program Files\MiKTeX 2.9\tex/generic/xkeyval\xkvutils.tex"
\XKV@toks=\toks19
\XKV@tempa@toks=\toks20
)
\XKV@depth=\count104
File: xkeyval.tex 2014/12/03 v2.7a key=value parser (HA)
)) ("C:\Program Files\MiKTeX 2.9\tex/latex/fmtcount\fcprefix.sty"
Package: fcprefix 2012/09/28
 ("C:\Program Files\MiKTeX 2.9\tex/latex/fmtcount\fcnumparser.sty"
Package: fcnumparser 2017/06/15
\fc@digit@counter=\count105
)) ("C:\Program Files\MiKTeX 2.9\tex/latex/amsmath\amsgen.sty"
File: amsgen.sty 1999/11/30 v2.0 generic functions
\@emptytoks=\toks21
\ex@=\dimen114
)
\c@padzeroesN=\count106
\fc@tmpcatcode=\count107
 ("C:\Program Files\MiKTeX 2.9\tex/latex/fmtcount\fc-english.def"
File: fc-english.def 2016/01/12
) ("C:\Program Files\MiKTeX 2.9\tex/latex/fmtcount\fc-ngerman.def"
File: fc-ngerman.def 2012/06/18
 ("C:\Program Files\MiKTeX 2.9\tex/latex/fmtcount\fc-german.def"
File: fc-german.def 2016/01/12
 ("C:\Program Files\MiKTeX 2.9\tex/latex/fmtcount\fc-germanb.def"
File: fc-germanb.def 2013/08/17
)) ("C:\Program Files\MiKTeX 2.9\tex/latex/fmtcount\fc-ngermanb.def"
File: fc-ngermanb.def 2013/08/17
))
\@DT@modctr=\count108
\@ordinalctr=\count109
\@orgargctr=\count110
\@strctr=\count111
\@tmpstrctr=\count112
\@DT@loopN=\count113
\@DT@X=\count114
) ("C:\Program Files\MiKTeX 2.9\tex/latex/datetime\datetime-defaults.sty"
Package: datetime-defaults 2013/09/10
)
\@day=\count115
\@month=\count116
\@year=\count117
\c@HOUR=\count118
\c@HOURXII=\count119
\c@MINUTE=\count120
\c@TOHOUR=\count121
\c@TOMINUTE=\count122
\c@SECOND=\count123
\currenthour=\count124
\currentminute=\count125
\currentsecond=\count126
Package datetime Info: No datetime.cfg file found, using default settings on input line 308.
\@dtctr=\count127
\dayofyear=\count128
\dayofweek=\count129
LaTeX Info: Redefining \today on input line 736.
 ("C:\Program Files\MiKTeX 2.9\tex/latex/datetime\dt-ngerman.def"
File: dt-ngerman.def 2013/09/10
LaTeX Info: Redefining \datengerman on input line 86.
)
\dt@a=\toks22
\dt@b=\toks23
) ("C:\Program Files\MiKTeX 2.9\tex/latex/upquote\upquote.sty"
Package: upquote 2012/04/19 v1.3 upright-quote and grave-accent glyphs in verbatim
 ("C:\Program Files\MiKTeX 2.9\tex/latex/base\textcomp.sty"
Package: textcomp 2018/08/11 v2.0j Standard LaTeX package
Package textcomp Info: Sub-encoding information:
(textcomp)               5 = only ISO-Adobe without \textcurrency
(textcomp)               4 = 5 + \texteuro
(textcomp)               3 = 4 + \textohm
(textcomp)               2 = 3 + \textestimated + \textcurrency
(textcomp)               1 = TS1 - \textcircled - \t
(textcomp)               0 = TS1 (full)
(textcomp)             Font families with sub-encoding setting implement
(textcomp)             only a restricted character set as indicated.
(textcomp)             Family '?' is the default used for unknown fonts.
(textcomp)             See the documentation for details.
Package textcomp Info: Setting ? sub-encoding to TS1/1 on input line 79.
 ("C:\Program Files\MiKTeX 2.9\tex/latex/base\ts1enc.def"
File: ts1enc.def 2001/06/05 v3.0e (jk/car/fm) Standard LaTeX file
Now handling font encoding TS1 ...
... processing UTF-8 mapping file for font encoding TS1
 ("C:\Program Files\MiKTeX 2.9\tex/latex/base\ts1enc.dfu"
File: ts1enc.dfu 2018/10/05 v1.2f UTF-8 support for inputenc
   defining Unicode char U+00A2 (decimal 162)
   defining Unicode char U+00A3 (decimal 163)
   defining Unicode char U+00A4 (decimal 164)
   defining Unicode char U+00A5 (decimal 165)
   defining Unicode char U+00A6 (decimal 166)
   defining Unicode char U+00A7 (decimal 167)
   defining Unicode char U+00A8 (decimal 168)
   defining Unicode char U+00A9 (decimal 169)
   defining Unicode char U+00AA (decimal 170)
   defining Unicode char U+00AC (decimal 172)
   defining Unicode char U+00AE (decimal 174)
   defining Unicode char U+00AF (decimal 175)
   defining Unicode char U+00B0 (decimal 176)
   defining Unicode char U+00B1 (decimal 177)
   defining Unicode char U+00B2 (decimal 178)
   defining Unicode char U+00B3 (decimal 179)
   defining Unicode char U+00B4 (decimal 180)
   defining Unicode char U+00B5 (decimal 181)
   defining Unicode char U+00B6 (decimal 182)
   defining Unicode char U+00B7 (decimal 183)
   defining Unicode char U+00B9 (decimal 185)
   defining Unicode char U+00BA (decimal 186)
   defining Unicode char U+00BC (decimal 188)
   defining Unicode char U+00BD (decimal 189)
   defining Unicode char U+00BE (decimal 190)
   defining Unicode char U+00D7 (decimal 215)
   defining Unicode char U+00F7 (decimal 247)
   defining Unicode char U+0192 (decimal 402)
   defining Unicode char U+02C7 (decimal 711)
   defining Unicode char U+02D8 (decimal 728)
   defining Unicode char U+02DD (decimal 733)
   defining Unicode char U+0E3F (decimal 3647)
   defining Unicode char U+2016 (decimal 8214)
   defining Unicode char U+2020 (decimal 8224)
   defining Unicode char U+2021 (decimal 8225)
   defining Unicode char U+2022 (decimal 8226)
   defining Unicode char U+2030 (decimal 8240)
   defining Unicode char U+2031 (decimal 8241)
   defining Unicode char U+203B (decimal 8251)
   defining Unicode char U+203D (decimal 8253)
   defining Unicode char U+2044 (decimal 8260)
   defining Unicode char U+204E (decimal 8270)
   defining Unicode char U+2052 (decimal 8274)
   defining Unicode char U+20A1 (decimal 8353)
   defining Unicode char U+20A4 (decimal 8356)
   defining Unicode char U+20A6 (decimal 8358)
   defining Unicode char U+20A9 (decimal 8361)
   defining Unicode char U+20AB (decimal 8363)
   defining Unicode char U+20AC (decimal 8364)
   defining Unicode char U+20B1 (decimal 8369)
   defining Unicode char U+2103 (decimal 8451)
   defining Unicode char U+2116 (decimal 8470)
   defining Unicode char U+2117 (decimal 8471)
   defining Unicode char U+211E (decimal 8478)
   defining Unicode char U+2120 (decimal 8480)
   defining Unicode char U+2122 (decimal 8482)
   defining Unicode char U+2126 (decimal 8486)
   defining Unicode char U+2127 (decimal 8487)
   defining Unicode char U+212E (decimal 8494)
   defining Unicode char U+2190 (decimal 8592)
   defining Unicode char U+2191 (decimal 8593)
   defining Unicode char U+2192 (decimal 8594)
   defining Unicode char U+2193 (decimal 8595)
   defining Unicode char U+2329 (decimal 9001)
   defining Unicode char U+232A (decimal 9002)
   defining Unicode char U+2422 (decimal 9250)
   defining Unicode char U+25E6 (decimal 9702)
   defining Unicode char U+25EF (decimal 9711)
   defining Unicode char U+266A (decimal 9834)
   defining Unicode char U+FEFF (decimal 65279)
))
LaTeX Info: Redefining \oldstylenums on input line 334.
Package textcomp Info: Setting cmr sub-encoding to TS1/0 on input line 349.
Package textcomp Info: Setting cmss sub-encoding to TS1/0 on input line 350.
Package textcomp Info: Setting cmtt sub-encoding to TS1/0 on input line 351.
Package textcomp Info: Setting cmvtt sub-encoding to TS1/0 on input line 352.
Package textcomp Info: Setting cmbr sub-encoding to TS1/0 on input line 353.
Package textcomp Info: Setting cmtl sub-encoding to TS1/0 on input line 354.
Package textcomp Info: Setting ccr sub-encoding to TS1/0 on input line 355.
Package textcomp Info: Setting ptm sub-encoding to TS1/4 on input line 356.
Package textcomp Info: Setting pcr sub-encoding to TS1/4 on input line 357.
Package textcomp Info: Setting phv sub-encoding to TS1/4 on input line 358.
Package textcomp Info: Setting ppl sub-encoding to TS1/3 on input line 359.
Package textcomp Info: Setting pag sub-encoding to TS1/4 on input line 360.
Package textcomp Info: Setting pbk sub-encoding to TS1/4 on input line 361.
Package textcomp Info: Setting pnc sub-encoding to TS1/4 on input line 362.
Package textcomp Info: Setting pzc sub-encoding to TS1/4 on input line 363.
Package textcomp Info: Setting bch sub-encoding to TS1/4 on input line 364.
Package textcomp Info: Setting put sub-encoding to TS1/5 on input line 365.
Package textcomp Info: Setting uag sub-encoding to TS1/5 on input line 366.
Package textcomp Info: Setting ugq sub-encoding to TS1/5 on input line 367.
Package textcomp Info: Setting ul8 sub-encoding to TS1/4 on input line 368.
Package textcomp Info: Setting ul9 sub-encoding to TS1/4 on input line 369.
Package textcomp Info: Setting augie sub-encoding to TS1/5 on input line 370.
Package textcomp Info: Setting dayrom sub-encoding to TS1/3 on input line 371.
Package textcomp Info: Setting dayroms sub-encoding to TS1/3 on input line 372.
Package textcomp Info: Setting pxr sub-encoding to TS1/0 on input line 373.
Package textcomp Info: Setting pxss sub-encoding to TS1/0 on input line 374.
Package textcomp Info: Setting pxtt sub-encoding to TS1/0 on input line 375.
Package textcomp Info: Setting txr sub-encoding to TS1/0 on input line 376.
Package textcomp Info: Setting txss sub-encoding to TS1/0 on input line 377.
Package textcomp Info: Setting txtt sub-encoding to TS1/0 on input line 378.
Package textcomp Info: Setting lmr sub-encoding to TS1/0 on input line 379.
Package textcomp Info: Setting lmdh sub-encoding to TS1/0 on input line 380.
Package textcomp Info: Setting lmss sub-encoding to TS1/0 on input line 381.
Package textcomp Info: Setting lmssq sub-encoding to TS1/0 on input line 382.
Package textcomp Info: Setting lmvtt sub-encoding to TS1/0 on input line 383.
Package textcomp Info: Setting lmtt sub-encoding to TS1/0 on input line 384.
Package textcomp Info: Setting qhv sub-encoding to TS1/0 on input line 385.
Package textcomp Info: Setting qag sub-encoding to TS1/0 on input line 386.
Package textcomp Info: Setting qbk sub-encoding to TS1/0 on input line 387.
Package textcomp Info: Setting qcr sub-encoding to TS1/0 on input line 388.
Package textcomp Info: Setting qcs sub-encoding to TS1/0 on input line 389.
Package textcomp Info: Setting qpl sub-encoding to TS1/0 on input line 390.
Package textcomp Info: Setting qtm sub-encoding to TS1/0 on input line 391.
Package textcomp Info: Setting qzc sub-encoding to TS1/0 on input line 392.
Package textcomp Info: Setting qhvc sub-encoding to TS1/0 on input line 393.
Package textcomp Info: Setting futs sub-encoding to TS1/4 on input line 394.
Package textcomp Info: Setting futx sub-encoding to TS1/4 on input line 395.
Package textcomp Info: Setting futj sub-encoding to TS1/4 on input line 396.
Package textcomp Info: Setting hlh sub-encoding to TS1/3 on input line 397.
Package textcomp Info: Setting hls sub-encoding to TS1/3 on input line 398.
Package textcomp Info: Setting hlst sub-encoding to TS1/3 on input line 399.
Package textcomp Info: Setting hlct sub-encoding to TS1/5 on input line 400.
Package textcomp Info: Setting hlx sub-encoding to TS1/5 on input line 401.
Package textcomp Info: Setting hlce sub-encoding to TS1/5 on input line 402.
Package textcomp Info: Setting hlcn sub-encoding to TS1/5 on input line 403.
Package textcomp Info: Setting hlcw sub-encoding to TS1/5 on input line 404.
Package textcomp Info: Setting hlcf sub-encoding to TS1/5 on input line 405.
Package textcomp Info: Setting pplx sub-encoding to TS1/3 on input line 406.
Package textcomp Info: Setting pplj sub-encoding to TS1/3 on input line 407.
Package textcomp Info: Setting ptmx sub-encoding to TS1/4 on input line 408.
Package textcomp Info: Setting ptmj sub-encoding to TS1/4 on input line 409.
)) ("C:\Program Files\MiKTeX 2.9\tex/latex/eurosym\eurosym.sty"
Package: eurosym 1998/08/06 v1.1 European currency symbol ``Euro''
\@eurobox=\box27
) ("C:\Program Files\MiKTeX 2.9\tex/latex/graphics\graphicx.sty"
Package: graphicx 2017/06/01 v1.1a Enhanced LaTeX Graphics (DPC,SPQR)
 ("C:\Program Files\MiKTeX 2.9\tex/latex/graphics\graphics.sty"
Package: graphics 2017/06/25 v1.2c Standard LaTeX Graphics (DPC,SPQR)
 ("C:\Program Files\MiKTeX 2.9\tex/latex/graphics\trig.sty"
Package: trig 2016/01/03 v1.10 sin cos tan (DPC)
) ("C:\Program Files\MiKTeX 2.9\tex/latex/graphics-cfg\graphics.cfg"
File: graphics.cfg 2016/06/04 v1.11 sample graphics configuration
)
Package graphics Info: Driver file: pdftex.def on input line 99.
 ("C:\Program Files\MiKTeX 2.9\tex/latex/graphics-def\pdftex.def"
File: pdftex.def 2018/01/08 v1.0l Graphics/color driver for pdftex
))
\Gin@req@height=\dimen115
\Gin@req@width=\dimen116
) ("C:\Program Files\MiKTeX 2.9\tex/latex/overpic\overpic.sty"
Package: overpic 2018/09/02 1.2 picture overlays (RN)
 ("C:\Program Files\MiKTeX 2.9\tex/latex/eepic\epic.sty"
Enhancements to Picture Environment. Version 1.2 - Released June 1, 1986
\@@multicnt=\count130
\d@lta=\count131
\@delta=\dimen117
\@@delta=\dimen118
\@gridcnt=\count132
\@joinkind=\count133
\@dotgap=\dimen119
\@ddotgap=\dimen120
\@x@diff=\count134
\@y@diff=\count135
\x@diff=\dimen121
\y@diff=\dimen122
\@dotbox=\box28
\num@segments=\count136
\num@segmentsi=\count137
\@datafile=\read1
)
\OVP@box=\box29
) ("C:\Program Files\MiKTeX 2.9\tex/latex/pict2e\pict2e.sty"
Package: pict2e 2016/02/05 v0.3b Improved picture commands (HjG,RN,JT)
 ("C:\Program Files\MiKTeX 2.9\tex/latex/pict2e\pict2e.cfg"
File: pict2e.cfg 2016/02/05 v0.1u pict2e configuration for teTeX/TeXLive
)
Package pict2e Info: Driver file: pdftex.def on input line 119.
Package pict2e Info: Driver file for pict2e: p2e-pdftex.def on input line 121.
 ("C:\Program Files\MiKTeX 2.9\tex/latex/pict2e\p2e-pdftex.def"
File: p2e-pdftex.def 2016/02/05 v0.1u Driver-dependant file (RN,HjG,JT)
)
\pIIe@GRAPH=\toks24
\@arclen=\dimen123
\@arcrad=\dimen124
\@tempdimd=\dimen125
) ("C:\Program Files\MiKTeX 2.9\tex/latex/xcolor\xcolor.sty"
Package: xcolor 2016/05/11 v2.12 LaTeX color extensions (UK)
 ("C:\Program Files\MiKTeX 2.9\tex/latex/graphics-cfg\color.cfg"
File: color.cfg 2016/01/02 v1.6 sample color configuration
)
Package xcolor Info: Driver file: pdftex.def on input line 225.
Package xcolor Info: Model `cmy' substituted by `cmy0' on input line 1348.
Package xcolor Info: Model `hsb' substituted by `rgb' on input line 1352.
Package xcolor Info: Model `RGB' extended on input line 1364.
Package xcolor Info: Model `HTML' substituted by `rgb' on input line 1366.
Package xcolor Info: Model `Hsb' substituted by `hsb' on input line 1367.
Package xcolor Info: Model `tHsb' substituted by `hsb' on input line 1368.
Package xcolor Info: Model `HSB' substituted by `hsb' on input line 1369.
Package xcolor Info: Model `Gray' substituted by `gray' on input line 1370.
Package xcolor Info: Model `wave' substituted by `hsb' on input line 1371.
) ("C:\Program Files\MiKTeX 2.9\tex/latex/url\url.sty"
\Urlmuskip=\muskip10
Package: url 2013/09/16  ver 3.4  Verb mode for urls, etc.
) ("C:\Program Files\MiKTeX 2.9\tex/latex/tools\verbatim.sty"
Package: verbatim 2014/10/28 v1.5q LaTeX2e package for verbatim enhancements
\every@verbatim=\toks25
\verbatim@line=\toks26
\verbatim@in@stream=\read2
) ("C:\Program Files\MiKTeX 2.9\tex/latex/moreverb\moreverb.sty"
Package: moreverb 2008/06/03 v2.3a `more' verbatim facilities
\tab@position=\count138
\tab@size=\count139
\listing@line=\count140
) ("C:\Program Files\MiKTeX 2.9\tex/latex/oberdiek\epstopdf.sty"
Package: epstopdf 2016/05/15 v2.6 Conversion with epstopdf on the fly (HO)
 ("C:\Program Files\MiKTeX 2.9\tex/latex/oberdiek\epstopdf-base.sty"
Package: epstopdf-base 2016/05/15 v2.6 Base part for package epstopdf
 ("C:\Program Files\MiKTeX 2.9\tex/generic/oberdiek\infwarerr.sty"
Package: infwarerr 2016/05/16 v1.4 Providing info/warning/error messages (HO)
) ("C:\Program Files\MiKTeX 2.9\tex/latex/oberdiek\grfext.sty"
Package: grfext 2016/05/16 v1.2 Manage graphics extensions (HO)
 ("C:\Program Files\MiKTeX 2.9\tex/generic/oberdiek\kvdefinekeys.sty"
Package: kvdefinekeys 2016/05/16 v1.4 Define keys (HO)
 ("C:\Program Files\MiKTeX 2.9\tex/generic/oberdiek\ltxcmds.sty"
Package: ltxcmds 2016/05/16 v1.23 LaTeX kernel commands for general use (HO)
))) ("C:\Program Files\MiKTeX 2.9\tex/latex/oberdiek\kvoptions.sty"
Package: kvoptions 2016/05/16 v3.12 Key value format for package options (HO)
 ("C:\Program Files\MiKTeX 2.9\tex/generic/oberdiek\kvsetkeys.sty"
Package: kvsetkeys 2016/05/16 v1.17 Key value parser (HO)
 ("C:\Program Files\MiKTeX 2.9\tex/generic/oberdiek\etexcmds.sty"
Package: etexcmds 2016/05/16 v1.6 Avoid name clashes with e-TeX commands (HO)
 ("C:\Program Files\MiKTeX 2.9\tex/generic/oberdiek\ifluatex.sty"
Package: ifluatex 2016/05/16 v1.4 Provides the ifluatex switch (HO)
Package ifluatex Info: LuaTeX not detected.
)))) ("C:\Program Files\MiKTeX 2.9\tex/generic/oberdiek\pdftexcmds.sty"
Package: pdftexcmds 2018/09/10 v0.29 Utility functions of pdfTeX for LuaTeX (HO)
Package pdftexcmds Info: LuaTeX not detected.
Package pdftexcmds Info: \pdf@primitive is available.
Package pdftexcmds Info: \pdf@ifprimitive is available.
Package pdftexcmds Info: \pdfdraftmode found.
)
Package epstopdf-base Info: Redefining graphics rule for `.eps' on input line 438.
Package grfext Info: Graphics extension search list:
(grfext)             [.pdf,.png,.jpg,.mps,.jpeg,.jbig2,.jb2,.PDF,.PNG,.JPG,.JPEG,.JBIG2,.JB2,.eps]
(grfext)             \AppendGraphicsExtensions on input line 456.
)) ("C:\Program Files\MiKTeX 2.9\tex/latex/hyperref\hyperref.sty"
Package: hyperref 2018/11/30 v6.88e Hypertext links for LaTeX
 ("C:\Program Files\MiKTeX 2.9\tex/generic/oberdiek\hobsub-hyperref.sty"
Package: hobsub-hyperref 2016/05/16 v1.14 Bundle oberdiek, subset hyperref (HO)
 ("C:\Program Files\MiKTeX 2.9\tex/generic/oberdiek\hobsub-generic.sty"
Package: hobsub-generic 2016/05/16 v1.14 Bundle oberdiek, subset generic (HO)
Package: hobsub 2016/05/16 v1.14 Construct package bundles (HO)
Package hobsub Info: Skipping package `infwarerr' (already loaded).
Package hobsub Info: Skipping package `ltxcmds' (already loaded).
Package hobsub Info: Skipping package `ifluatex' (already loaded).
Package hobsub Info: Skipping package `ifvtex' (already loaded).
Package: intcalc 2016/05/16 v1.2 Expandable calculations with integers (HO)
Package hobsub Info: Skipping package `ifpdf' (already loaded).
Package hobsub Info: Skipping package `etexcmds' (already loaded).
Package hobsub Info: Skipping package `kvsetkeys' (already loaded).
Package hobsub Info: Skipping package `kvdefinekeys' (already loaded).
Package hobsub Info: Skipping package `pdftexcmds' (already loaded).
Package: pdfescape 2016/05/16 v1.14 Implements pdfTeX's escape features (HO)
Package: bigintcalc 2016/05/16 v1.4 Expandable calculations on big integers (HO)
Package: bitset 2016/05/16 v1.2 Handle bit-vector datatype (HO)
Package: uniquecounter 2016/05/16 v1.3 Provide unlimited unique counter (HO)
)
Package hobsub Info: Skipping package `hobsub' (already loaded).
Package: letltxmacro 2016/05/16 v1.5 Let assignment for LaTeX macros (HO)
Package: hopatch 2016/05/16 v1.3 Wrapper for package hooks (HO)
Package: xcolor-patch 2016/05/16 xcolor patch
Package: atveryend 2016/05/16 v1.9 Hooks at the very end of document (HO)
Package: atbegshi 2016/06/09 v1.18 At begin shipout hook (HO)
Package: refcount 2016/05/16 v3.5 Data extraction from label references (HO)
Package: hycolor 2016/05/16 v1.8 Color options for hyperref/bookmark (HO)
) ("C:\Program Files\MiKTeX 2.9\tex/latex/oberdiek\auxhook.sty"
Package: auxhook 2016/05/16 v1.4 Hooks for auxiliary files (HO)
)
\@linkdim=\dimen126
\Hy@linkcounter=\count141
\Hy@pagecounter=\count142
 ("C:\Program Files\MiKTeX 2.9\tex/latex/hyperref\pd1enc.def"
File: pd1enc.def 2018/11/30 v6.88e Hyperref: PDFDocEncoding definition (HO)
Now handling font encoding PD1 ...
... no UTF-8 mapping file for font encoding PD1
)
\Hy@SavedSpaceFactor=\count143
 ("C:\Program Files\MiKTeX 2.9\tex/latex/00miktex\hyperref.cfg"
File: hyperref.cfg 2002/06/06 v1.2 hyperref configuration of TeXLive
)
Package hyperref Info: Option `unicode' set `true' on input line 4393.
 ("C:\Program Files\MiKTeX 2.9\tex/latex/hyperref\puenc.def"
File: puenc.def 2018/11/30 v6.88e Hyperref: PDF Unicode definition (HO)
Now handling font encoding PU ...
... no UTF-8 mapping file for font encoding PU
)
Package hyperref Info: Hyper figures OFF on input line 4519.
Package hyperref Info: Link nesting OFF on input line 4524.
Package hyperref Info: Hyper index ON on input line 4527.
Package hyperref Info: Plain pages OFF on input line 4534.
Package hyperref Info: Backreferencing OFF on input line 4539.
Package hyperref Info: Implicit mode ON; LaTeX internals redefined.
Package hyperref Info: Bookmarks ON on input line 4772.
\c@Hy@tempcnt=\count144
LaTeX Info: Redefining \url on input line 5125.
\XeTeXLinkMargin=\dimen127
\Fld@menulength=\count145
\Field@Width=\dimen128
\Fld@charsize=\dimen129
Package hyperref Info: Hyper figures OFF on input line 6380.
Package hyperref Info: Link nesting OFF on input line 6385.
Package hyperref Info: Hyper index ON on input line 6388.
Package hyperref Info: backreferencing OFF on input line 6395.
Package hyperref Info: Link coloring OFF on input line 6400.
Package hyperref Info: Link coloring with OCG OFF on input line 6405.
Package hyperref Info: PDF/A mode OFF on input line 6410.
LaTeX Info: Redefining \ref on input line 6450.
LaTeX Info: Redefining \pageref on input line 6454.
\Hy@abspage=\count146
\c@Item=\count147
\c@Hfootnote=\count148
)
Package hyperref Info: Driver (autodetected): hpdftex.
 ("C:\Program Files\MiKTeX 2.9\tex/latex/hyperref\hpdftex.def"
File: hpdftex.def 2018/11/30 v6.88e Hyperref driver for pdfTeX
\Fld@listcount=\count149
\c@bookmark@seq@number=\count150
 ("C:\Program Files\MiKTeX 2.9\tex/latex/oberdiek\rerunfilecheck.sty"
Package: rerunfilecheck 2016/05/16 v1.8 Rerun checks for auxiliary files (HO)
Package uniquecounter Info: New unique counter `rerunfilecheck' on input line 282.
)
\Hy@SectionHShift=\skip46
)
Package hyperref Info: Option `linktocpage' set `true' on input line 101.
Package hyperref Info: Option `colorlinks' set `false' on input line 101.
Package hyperref Info: Option `breaklinks' set `true' on input line 101.
 ("C:\Program Files\MiKTeX 2.9\tex/latex/oberdiek\hypcap.sty"
Package: hypcap 2016/05/16 v1.12 Adjusting the anchors of captions (HO)
) ("C:\Program Files\MiKTeX 2.9\tex/latex/float\float.sty"
Package: float 2001/11/08 v1.3d Float enhancements (AL)
\c@float@type=\count151
\float@exts=\toks27
\float@box=\box30
\@float@everytoks=\toks28
\@floatcapt=\box31
) ("C:\Program Files\MiKTeX 2.9\tex/latex/caption\caption.sty"
Package: caption 2018/10/06 v3.3-154 Customizing captions (AR)
 ("C:\Program Files\MiKTeX 2.9\tex/latex/caption\caption3.sty"
Package: caption3 2018/09/12 v1.8c caption3 kernel (AR)
Package caption3 Info: TeX engine: e-TeX on input line 64.
\captionmargin=\dimen130
\captionmargin@=\dimen131
\captionwidth=\dimen132
\caption@tempdima=\dimen133
\caption@indent=\dimen134
\caption@parindent=\dimen135
\caption@hangindent=\dimen136
)
\c@caption@flags=\count152
\c@ContinuedFloat=\count153
Package caption Info: float package is loaded.
Package caption Info: hyperref package is loaded.
Package caption Info: hypcap package is loaded.
) ("C:\Program Files\MiKTeX 2.9\tex/latex/enumitem\enumitem.sty"
Package: enumitem 2019/02/04 v3.8 Customized lists
\labelindent=\skip47
\enit@outerparindent=\dimen137
\enit@toks=\toks29
\enit@inbox=\box32
\enit@count@id=\count154
\enitdp@description=\count155
) ("C:\Program Files\MiKTeX 2.9\tex/latex/koma-script\tocbasic.sty"
Package: tocbasic 2019/02/01 v3.26b KOMA-Script package (handling toc-files)
 ("C:\Program Files\MiKTeX 2.9\tex/latex/koma-script\scrbase.sty"
Package: scrbase 2019/02/01 v3.26b KOMA-Script package (KOMA-Script-independent basics and keyval usage)
 ("C:\Program Files\MiKTeX 2.9\tex/latex/koma-script\scrlfile.sty"
Package: scrlfile 2019/02/01 v3.26b KOMA-Script package (loading files)
))
\scr@dte@tocline@numberwidth=\skip48
\scr@dte@tocline@numbox=\box33
)
\scr@dte@chapter@maxnumwidth=\skip49
\@float@every@program=\toks30
\c@program=\count156
 ("C:\Program Files\MiKTeX 2.9\tex/latex/pdfpages\pdfpages.sty"
Package: pdfpages 2017/10/31 v0.5l Insert pages of external PDF documents (AM)
 ("C:\Program Files\MiKTeX 2.9\tex/latex/eso-pic\eso-pic.sty"
Package: eso-pic 2018/04/12 v2.0h eso-pic (RN)
)
\AM@pagewidth=\dimen138
\AM@pageheight=\dimen139
 ("C:\Program Files\MiKTeX 2.9\tex/latex/pdfpages\pppdftex.def"
File: pppdftex.def 2017/10/31 v0.5l Pdfpages driver for pdfTeX (AM)
)
\AM@pagebox=\box34
\AM@global@opts=\toks31
\AM@toc@title=\toks32
\c@AM@survey=\count157
\AM@templatesizebox=\box35
))
\c@@dayofsubmission=\count158
\c@@monthofsubmission=\count159
\c@@yearofsubmission=\count160
 (hgbmath.sty
Package: hgbmath 2019/05/11
 ("C:\Program Files\MiKTeX 2.9\tex/latex/amsmath\amsmath.sty"
Package: amsmath 2018/12/01 v2.17b AMS math features
\@mathmargin=\skip50

For additional information on amsmath, use the `?' option.
("C:\Program Files\MiKTeX 2.9\tex/latex/amsmath\amstext.sty"
Package: amstext 2000/06/29 v2.01 AMS text
) ("C:\Program Files\MiKTeX 2.9\tex/latex/amsmath\amsbsy.sty"
Package: amsbsy 1999/11/29 v1.2d Bold Symbols
\pmbraise@=\dimen140
) ("C:\Program Files\MiKTeX 2.9\tex/latex/amsmath\amsopn.sty"
Package: amsopn 2016/03/08 v2.02 operator names
)
\inf@bad=\count161
LaTeX Info: Redefining \frac on input line 223.
\uproot@=\count162
\leftroot@=\count163
LaTeX Info: Redefining \overline on input line 385.
\classnum@=\count164
\DOTSCASE@=\count165
LaTeX Info: Redefining \ldots on input line 482.
LaTeX Info: Redefining \dots on input line 485.
LaTeX Info: Redefining \cdots on input line 606.
\Mathstrutbox@=\box36
\strutbox@=\box37
\big@size=\dimen141
LaTeX Font Info:    Redeclaring font encoding OML on input line 729.
LaTeX Font Info:    Redeclaring font encoding OMS on input line 730.
\macc@depth=\count166
\c@MaxMatrixCols=\count167
\dotsspace@=\muskip11
\c@parentequation=\count168
\dspbrk@lvl=\count169
\tag@help=\toks33
\row@=\count170
\column@=\count171
\maxfields@=\count172
\andhelp@=\toks34
\eqnshift@=\dimen142
\alignsep@=\dimen143
\tagshift@=\dimen144
\tagwidth@=\dimen145
\totwidth@=\dimen146
\lineht@=\dimen147
\@envbody=\toks35
\multlinegap=\skip51
\multlinetaggap=\skip52
\mathdisplay@stack=\toks36
LaTeX Info: Redefining \[ on input line 2844.
LaTeX Info: Redefining \] on input line 2845.
) ("C:\Program Files\MiKTeX 2.9\tex/latex/amsfonts\amsfonts.sty"
Package: amsfonts 2013/01/14 v3.01 Basic AMSFonts support
\symAMSa=\mathgroup4
\symAMSb=\mathgroup5
LaTeX Font Info:    Overwriting math alphabet `\mathfrak' in version `bold'
(Font)                  U/euf/m/n --> U/euf/b/n on input line 106.
) ("C:\Program Files\MiKTeX 2.9\tex/latex/amsfonts\amssymb.sty"
Package: amssymb 2013/01/14 v3.01 AMS font symbols
) ("C:\Program Files\MiKTeX 2.9\tex/latex/subdepth\subdepth.sty"
Package: subdepth 2007/09/02 v0.1 Unify subscript depths
) ("C:\Program Files\MiKTeX 2.9\tex/latex/base\exscale.sty"
Package: exscale 2018/09/24 v2.1i Standard LaTeX package exscale
LaTeX Font Info:    Redeclaring symbol font `largesymbols' on input line 57.
LaTeX Font Info:    Overwriting symbol font `largesymbols' in version `normal'
(Font)                  OMX/lmex/m/n --> OMX/cmex/m/n on input line 57.
LaTeX Font Info:    Overwriting symbol font `largesymbols' in version `bold'
(Font)                  OMX/lmex/m/n --> OMX/cmex/m/n on input line 57.
\big@size=\dimen148
)) (hgbalgo.sty
Package: hgbalgo 2019/05/11
 ("C:\Program Files\MiKTeX 2.9\tex/latex/algorithmicx\algpseudocode.sty"
Package: algpseudocode 
 ("C:\Program Files\MiKTeX 2.9\tex/latex/algorithmicx\algorithmicx.sty"
Package: algorithmicx 2005/04/27 v1.2 Algorithmicx

Document Style algorithmicx 1.2 - a greatly improved `algorithmic' style
\c@ALG@line=\count173
\c@ALG@rem=\count174
\c@ALG@nested=\count175
\ALG@tlm=\skip53
\ALG@thistlm=\skip54
\c@ALG@Lnr=\count176
\c@ALG@blocknr=\count177
\c@ALG@storecount=\count178
\c@ALG@tmpcounter=\count179
\ALG@tmplength=\skip55
)
Document Style - pseudocode environments for use with the `algorithmicx' style
)
\@AlgTmpIndent=\skip56
 ("C:\Program Files\MiKTeX 2.9\tex/latex/algorithms\algorithm.sty"
Package: algorithm 2009/08/24 v0.1 Document Style `algorithm' - floating environment
\@float@every@algorithm=\toks37
\c@algorithm=\count180
)) (hgbheadings.sty
Package: hgbheadings 2019/05/11
 ("C:\Program Files\MiKTeX 2.9\tex/latex/fancyhdr\fancyhdr.sty"
Package: fancyhdr 2019/01/31 v3.10 Extensive control of page headers and footers
\f@nch@headwidth=\skip57
\f@nch@O@elh=\skip58
\f@nch@O@erh=\skip59
\f@nch@O@olh=\skip60
\f@nch@O@orh=\skip61
\f@nch@O@elf=\skip62
\f@nch@O@erf=\skip63
\f@nch@O@olf=\skip64
\f@nch@O@orf=\skip65
) ("C:\Program Files\MiKTeX 2.9\tex/latex/titlesec\titlesec.sty"
Package: titlesec 2016/03/21 v2.10.2 Sectioning titles
\ttl@box=\box38
\beforetitleunit=\skip66
\aftertitleunit=\skip67
\ttl@plus=\dimen149
\ttl@minus=\dimen150
\ttl@toksa=\toks38
\titlewidth=\dimen151
\titlewidthlast=\dimen152
\titlewidthfirst=\dimen153
)) (hgbabbrev.sty
Package: hgbabbrev 2019/05/11
 ("C:\Program Files\MiKTeX 2.9\tex/latex/tools\xspace.sty"
Package: xspace 2014/10/28 v1.13 Space after command names (DPC,MH)
)) (hgblistings.sty
Package: hgblistings 2019/05/11
 ("C:\Program Files\MiKTeX 2.9\tex/latex/oberdiek\listingsutf8.sty"
Package: listingsutf8 2016/05/16 v1.3 Allow UTF-8 in listings input (HO)
 ("C:\Program Files\MiKTeX 2.9\tex/latex/listings\listings.sty"
\lst@mode=\count181
\lst@gtempboxa=\box39
\lst@token=\toks39
\lst@length=\count182
\lst@currlwidth=\dimen154
\lst@column=\count183
\lst@pos=\count184
\lst@lostspace=\dimen155
\lst@width=\dimen156
\lst@newlines=\count185
\lst@lineno=\count186
\lst@maxwidth=\dimen157
 ("C:\Program Files\MiKTeX 2.9\tex/latex/listings\lstmisc.sty"
File: lstmisc.sty 2019/02/27 1.8b (Carsten Heinz)
\c@lstnumber=\count187
\lst@skipnumbers=\count188
\lst@framebox=\box40
) ("C:\Program Files\MiKTeX 2.9\tex/latex/listings\listings.cfg"
File: listings.cfg 2019/02/27 1.8b listings configuration
))
Package: listings 2019/02/27 1.8b (Carsten Heinz)
 ("C:\Program Files\MiKTeX 2.9\tex/generic/oberdiek\stringenc.sty"
Package: stringenc 2016/05/16 v1.11 Convert strings between diff. encodings (HO)
))) (hgbbib.sty
Package: hgbbib 2019/05/11
 ("C:\Program Files\MiKTeX 2.9\tex/latex/biblatex\biblatex.sty"
Package: biblatex 2018/11/02 v3.12 programmable bibliographies (PK/MW)
 ("C:\Program Files\MiKTeX 2.9\tex/latex/logreq\logreq.sty"
Package: logreq 2010/08/04 v1.0 xml request logger
\lrq@indent=\count189
 ("C:\Program Files\MiKTeX 2.9\tex/latex/logreq\logreq.def"
File: logreq.def 2010/08/04 v1.0 logreq spec v1.0
))
\c@tabx@nest=\count190
\c@listtotal=\count191
\c@listcount=\count192
\c@liststart=\count193
\c@liststop=\count194
\c@citecount=\count195
\c@citetotal=\count196
\c@multicitecount=\count197
\c@multicitetotal=\count198
\c@instcount=\count199
\c@maxnames=\count266
\c@minnames=\count267
\c@maxitems=\count268
\c@minitems=\count269
\c@citecounter=\count270
\c@maxcitecounter=\count271
\c@savedcitecounter=\count272
\c@uniquelist=\count273
\c@uniquename=\count274
\c@refsection=\count275
\c@refsegment=\count276
\c@maxextratitle=\count277
\c@maxextratitleyear=\count278
\c@maxextraname=\count279
\c@maxextradate=\count280
\c@maxextraalpha=\count281
\c@abbrvpenalty=\count282
\c@highnamepenalty=\count283
\c@lownamepenalty=\count284
\c@maxparens=\count285
\c@parenlevel=\count286
\blx@tempcnta=\count287
\blx@tempcntb=\count288
\blx@tempcntc=\count289
\blx@maxsection=\count290
\blx@maxsegment@0=\count291
\blx@notetype=\count292
\blx@parenlevel@text=\count293
\blx@parenlevel@foot=\count294
\blx@sectionciteorder@0=\count295
\blx@entrysetcounter=\count296
\labelnumberwidth=\skip68
\labelalphawidth=\skip69
\biblabelsep=\skip70
\bibitemsep=\skip71
\bibnamesep=\skip72
\bibinitsep=\skip73
\bibparsep=\skip74
\bibhang=\skip75
\blx@bcfin=\read3
\blx@bcfout=\write3
\c@mincomprange=\count297
\c@maxcomprange=\count298
\c@mincompwidth=\count299
Package biblatex Info: Trying to load biblatex default data model...
Package biblatex Info: ... file 'blx-dm.def' found.
 ("C:\Program Files\MiKTeX 2.9\tex/latex/biblatex\blx-dm.def"
File: blx-dm.def 2018/11/02 v3.12 biblatex localization (PK/MW)
)
Package biblatex Info: Trying to load biblatex style data model...
Package biblatex Info: ... file 'numeric-comp.dbx' not found.
Package biblatex Info: Trying to load biblatex custom data model...
Package biblatex Info: ... file 'biblatex-dm.cfg' not found.
\c@afterword=\count300
\c@savedafterword=\count301
\c@annotator=\count302
\c@savedannotator=\count303
\c@author=\count304
\c@savedauthor=\count305
\c@bookauthor=\count306
\c@savedbookauthor=\count307
\c@commentator=\count308
\c@savedcommentator=\count309
\c@editor=\count310
\c@savededitor=\count311
\c@editora=\count312
\c@savededitora=\count313
\c@editorb=\count314
\c@savededitorb=\count315
\c@editorc=\count316
\c@savededitorc=\count317
\c@foreword=\count318
\c@savedforeword=\count319
\c@holder=\count320
\c@savedholder=\count321
\c@introduction=\count322
\c@savedintroduction=\count323
\c@namea=\count324
\c@savednamea=\count325
\c@nameb=\count326
\c@savednameb=\count327
\c@namec=\count328
\c@savednamec=\count329
\c@translator=\count330
\c@savedtranslator=\count331
\c@shortauthor=\count332
\c@savedshortauthor=\count333
\c@shorteditor=\count334
\c@savedshorteditor=\count335
\c@labelname=\count336
\c@savedlabelname=\count337
\c@institution=\count338
\c@savedinstitution=\count339
\c@lista=\count340
\c@savedlista=\count341
\c@listb=\count342
\c@savedlistb=\count343
\c@listc=\count344
\c@savedlistc=\count345
\c@listd=\count346
\c@savedlistd=\count347
\c@liste=\count348
\c@savedliste=\count349
\c@listf=\count350
\c@savedlistf=\count351
\c@location=\count352
\c@savedlocation=\count353
\c@organization=\count354
\c@savedorganization=\count355
\c@origlocation=\count356
\c@savedoriglocation=\count357
\c@origpublisher=\count358
\c@savedorigpublisher=\count359
\c@publisher=\count360
\c@savedpublisher=\count361
\c@language=\count362
\c@savedlanguage=\count363
\c@origlanguage=\count364
\c@savedoriglanguage=\count365
\c@pageref=\count366
\c@savedpageref=\count367
\shorthandwidth=\skip76
\shortjournalwidth=\skip77
\shortserieswidth=\skip78
\shorttitlewidth=\skip79
\shortauthorwidth=\skip80
\shorteditorwidth=\skip81
\locallabelnumberwidth=\skip82
\locallabelalphawidth=\skip83
\localshorthandwidth=\skip84
\localshortjournalwidth=\skip85
\localshortserieswidth=\skip86
\localshorttitlewidth=\skip87
\localshortauthorwidth=\skip88
\localshorteditorwidth=\skip89
Package biblatex Info: Trying to load compatibility code...
Package biblatex Info: ... file 'blx-compat.def' found.
 ("C:\Program Files\MiKTeX 2.9\tex/latex/biblatex\blx-compat.def"
File: blx-compat.def 2018/11/02 v3.12 biblatex compatibility (PK/MW)
)
Package biblatex Info: Trying to load generic definitions...
Package biblatex Info: ... file 'biblatex.def' found.
 ("C:\Program Files\MiKTeX 2.9\tex/latex/biblatex\biblatex.def"
File: biblatex.def 2018/11/02 v3.12 biblatex compatibility (PK/MW)
\c@textcitecount=\count368
\c@textcitetotal=\count369
\c@textcitemaxnames=\count370
\c@biburlnumpenalty=\count371
\c@biburlucpenalty=\count372
\c@biburllcpenalty=\count373
\c@smartand=\count374
)
Package biblatex Info: Trying to load bibliography style 'numeric-comp'...
Package biblatex Info: ... file 'numeric-comp.bbx' found.
 ("C:\Program Files\MiKTeX 2.9\tex/latex/biblatex/bbx\numeric-comp.bbx"
File: numeric-comp.bbx 2018/11/02 v3.12 biblatex bibliography style (PK/MW)
Package biblatex Info: Trying to load bibliography style 'numeric'...
Package biblatex Info: ... file 'numeric.bbx' found.
 ("C:\Program Files\MiKTeX 2.9\tex/latex/biblatex/bbx\numeric.bbx"
File: numeric.bbx 2018/11/02 v3.12 biblatex bibliography style (PK/MW)
Package biblatex Info: Trying to load bibliography style 'standard'...
Package biblatex Info: ... file 'standard.bbx' found.
 ("C:\Program Files\MiKTeX 2.9\tex/latex/biblatex/bbx\standard.bbx"
File: standard.bbx 2018/11/02 v3.12 biblatex bibliography style (PK/MW)
\c@bbx:relatedcount=\count375
\c@bbx:relatedtotal=\count376
)))
Package biblatex Info: Trying to load citation style 'numeric-comp'...
Package biblatex Info: ... file 'numeric-comp.cbx' found.
 ("C:\Program Files\MiKTeX 2.9\tex/latex/biblatex/cbx\numeric-comp.cbx"
File: numeric-comp.cbx 2018/11/02 v3.12 biblatex citation style (PK/MW)
\c@cbx@tempcnta=\count377
\c@cbx@tempcntb=\count378
Package biblatex Info: Redefining '\cite'.
Package biblatex Info: Redefining '\parencite'.
Package biblatex Info: Redefining '\footcite'.
Package biblatex Info: Redefining '\footcitetext'.
Package biblatex Info: Redefining '\smartcite'.
Package biblatex Info: Redefining '\supercite'.
Package biblatex Info: Redefining '\textcite'.
Package biblatex Info: Redefining '\textcites'.
Package biblatex Info: Redefining '\cites'.
Package biblatex Info: Redefining '\parencites'.
Package biblatex Info: Redefining '\smartcites'.
)
Package biblatex Info: Trying to load configuration file...
Package biblatex Info: ... file 'biblatex.cfg' found.
 ("C:\Program Files\MiKTeX 2.9\tex/latex/biblatex\biblatex.cfg"
File: biblatex.cfg 
))))
Package csquotes Info: Checking for multilingual support...
Package csquotes Info: ... found 'babel' package.
Package biblatex Info: Trying to load language 'english'...
Package biblatex Info: ... file 'english.lbx' found.
 ("C:\Program Files\MiKTeX 2.9\tex/latex/biblatex/lbx\english.lbx"
File: english.lbx 2018/11/02 v3.12 biblatex localization (PK/MW)
)
Package biblatex Info: Trying to load language 'ngerman'...
Package biblatex Info: ... file 'ngerman.lbx' found.
 ("C:\Program Files\MiKTeX 2.9\tex/latex/biblatex/lbx\ngerman.lbx"
File: ngerman.lbx 2018/11/02 v3.12 biblatex localization (PK/MW)
Package biblatex Info: Trying to load language 'german'...
Package biblatex Info: ... file 'german.lbx' found.
 ("C:\Program Files\MiKTeX 2.9\tex/latex/biblatex/lbx\german.lbx"
File: german.lbx 2018/11/02 v3.12 biblatex localization (PK/MW)
)
Package biblatex Info: Trying to load language 'german'...
Package biblatex Info: ... file 'german.lbx' found.
 ("C:\Program Files\MiKTeX 2.9\tex/latex/biblatex/lbx\german.lbx"
File: german.lbx 2018/11/02 v3.12 biblatex localization (PK/MW)
)) (c:\Users\Hannes\projects\bachelorarbeit\bachelorThesis\latex\temp\main\main.aux (front/vorwort.aux) (front/kurzfassung.aux) (front/abstract.aux) (chapters/einleitung.aux) (chapters/abschlussarbeit.aux) (chapters/latex.aux) (chapters/abbildungen.aux) (chapters/mathematik.aux) (chapters/literatur.aux) (chapters/drucken.aux) (chapters/schluss.aux) (back/anhang_a.aux) (back/anhang_b.aux) (back/anhang_c.aux) (back/anhang_d.aux) (back/messbox.aux))
\openout1 = `main.aux'.

LaTeX Font Info:    Checking defaults for OML/cmm/m/it on input line 45.
LaTeX Font Info:    ... okay on input line 45.
LaTeX Font Info:    Checking defaults for T1/cmr/m/n on input line 45.
LaTeX Font Info:    ... okay on input line 45.
LaTeX Font Info:    Checking defaults for OT1/cmr/m/n on input line 45.
LaTeX Font Info:    ... okay on input line 45.
LaTeX Font Info:    Checking defaults for OMS/cmsy/m/n on input line 45.
LaTeX Font Info:    ... okay on input line 45.
LaTeX Font Info:    Checking defaults for OMX/cmex/m/n on input line 45.
LaTeX Font Info:    ... okay on input line 45.
LaTeX Font Info:    Checking defaults for U/cmr/m/n on input line 45.
LaTeX Font Info:    ... okay on input line 45.
LaTeX Font Info:    Checking defaults for TS1/cmr/m/n on input line 45.
LaTeX Font Info:    Try loading font information for TS1+cmr on input line 45.
 ("C:\Program Files\MiKTeX 2.9\tex/latex/base\ts1cmr.fd"
File: ts1cmr.fd 2014/09/29 v2.5h Standard LaTeX font definitions
)
LaTeX Font Info:    ... okay on input line 45.
LaTeX Font Info:    Checking defaults for PD1/pdf/m/n on input line 45.
LaTeX Font Info:    ... okay on input line 45.
LaTeX Font Info:    Checking defaults for PU/pdf/m/n on input line 45.
LaTeX Font Info:    ... okay on input line 45.
LaTeX Font Info:    Try loading font information for T1+lmr on input line 45.
 ("C:\Program Files\MiKTeX 2.9\tex/latex/lm\t1lmr.fd"
File: t1lmr.fd 2009/10/30 v1.6 Font defs for Latin Modern
)
*geometry* driver: auto-detecting
*geometry* detected driver: pdftex
*geometry* verbose mode - [ preamble ] result:
* driver: pdftex
* paper: <default>
* layout: <same size as paper>
* layoutoffset:(h,v)=(0.0pt,0.0pt)
* modes: 
* h-part:(L,W,R)=(91.04881pt, 415.41025pt, 91.04881pt)
* v-part:(T,H,B)=(102.42992pt, 628.80591pt, 113.81102pt)
* \paperwidth=597.50787pt
* \paperheight=845.04684pt
* \textwidth=415.41025pt
* \textheight=628.80591pt
* \oddsidemargin=18.77882pt
* \evensidemargin=18.77882pt
* \topmargin=-1.71387pt
* \headheight=25.6pt
* \headsep=19.8738pt
* \topskip=11.0pt
* \footskip=27.46295pt
* \marginparwidth=53.0pt
* \marginparsep=7.0pt
* \columnsep=10.0pt
* \skip\footins=10.0pt plus 4.0pt minus 2.0pt
* \hoffset=0.0pt
* \voffset=0.0pt
* \mag=1000
* \@twocolumnfalse
* \@twosidefalse
* \@mparswitchfalse
* \@reversemarginfalse
* (1in=72.27pt=25.4mm, 1cm=28.453pt)

Package csquotes Info: Redefining character " on input line 45.
("C:\Program Files\MiKTeX 2.9\tex/context/base/mkii\supp-pdf.mkii"
[Loading MPS to PDF converter (version 2006.09.02).]
\scratchcounter=\count379
\scratchdimen=\dimen158
\scratchbox=\box41
\nofMPsegments=\count380
\nofMParguments=\count381
\everyMPshowfont=\toks40
\MPscratchCnt=\count382
\MPscratchDim=\dimen159
\MPnumerator=\count383
\makeMPintoPDFobject=\count384
\everyMPtoPDFconversion=\toks41
)
\AtBeginShipoutBox=\box42
Package hyperref Info: Link coloring OFF on input line 45.
 ("C:\Program Files\MiKTeX 2.9\tex/latex/hyperref\nameref.sty"
Package: nameref 2016/05/21 v2.44 Cross-referencing by name of section
 ("C:\Program Files\MiKTeX 2.9\tex/generic/oberdiek\gettitlestring.sty"
Package: gettitlestring 2016/05/16 v1.5 Cleanup title references (HO)
)
\c@section@level=\count385
)
LaTeX Info: Redefining \ref on input line 45.
LaTeX Info: Redefining \pageref on input line 45.
LaTeX Info: Redefining \nameref on input line 45.
 (c:\Users\Hannes\projects\bachelorarbeit\bachelorThesis\latex\temp\main\main.out) (c:\Users\Hannes\projects\bachelorarbeit\bachelorThesis\latex\temp\main\main.out)
\@outlinefile=\write4
\openout4 = `main.out'.

Package caption Info: Begin \AtBeginDocument code.
Package caption Info: listings package is loaded.
Package caption Info: End \AtBeginDocument code.
 ("C:\Program Files\MiKTeX 2.9\tex/latex/oberdiek\pdflscape.sty"
Package: pdflscape 2016/05/14 v0.11 Display of landscape pages in PDF (HO)
 ("C:\Program Files\MiKTeX 2.9\tex/latex/graphics\lscape.sty"
Package: lscape 2000/10/22 v3.01 Landscape Pages (DPC)
)
Package pdflscape Info: Auto-detected driver: pdftex on input line 81.
)
\c@lstlisting=\count386
Package biblatex Info: Input encoding 'utf8' detected.
Package biblatex Info: Automatic encoding selection.
(biblatex)             Assuming data encoding 'utf8'.
\openout3 = `main.bcf'.

Package biblatex Info: Trying to load bibliographic data...
Package biblatex Info: ... file 'main.bbl' found.
 (c:\Users\Hannes\projects\bachelorarbeit\bachelorThesis\latex\temp\main\main.bbl)
Package biblatex Info: Reference section=0 on input line 45.
Package biblatex Info: Reference segment=0 on input line 45.
Package hyperref Info: Option `pageanchor' set `false' on input line 52.
Package csquotes Info: Redefining character " on input line 52.
LaTeX Font Info:    Try loading font information for T1+lmss on input line 52.
 ("C:\Program Files\MiKTeX 2.9\tex/latex/lm\t1lmss.fd"
File: t1lmss.fd 2009/10/30 v1.6 Font defs for Latin Modern
)
LaTeX Font Info:    Try loading font information for OT1+lmr on input line 52.
 ("C:\Program Files\MiKTeX 2.9\tex/latex/lm\ot1lmr.fd"
File: ot1lmr.fd 2009/10/30 v1.6 Font defs for Latin Modern
)<<ot1.cmap>>
LaTeX Font Info:    Try loading font information for OML+lmm on input line 52.
 ("C:\Program Files\MiKTeX 2.9\tex/latex/lm\omllmm.fd"
File: omllmm.fd 2009/10/30 v1.6 Font defs for Latin Modern
)<<oml.cmap>>
LaTeX Font Info:    Try loading font information for OMS+lmsy on input line 52.
 ("C:\Program Files\MiKTeX 2.9\tex/latex/lm\omslmsy.fd"
File: omslmsy.fd 2009/10/30 v1.6 Font defs for Latin Modern
)<<oms.cmap>><<omx.cmap>>
LaTeX Font Info:    External font `cmex7' loaded for size
(Font)              <6> on input line 52.
LaTeX Font Info:    Try loading font information for U+msa on input line 52.
 ("C:\Program Files\MiKTeX 2.9\tex/latex/amsfonts\umsa.fd"
File: umsa.fd 2013/01/14 v3.01 AMS symbols A
)
LaTeX Font Info:    Try loading font information for U+msb on input line 52.
 ("C:\Program Files\MiKTeX 2.9\tex/latex/amsfonts\umsb.fd"
File: umsb.fd 2013/01/14 v3.01 AMS symbols B
)
<images/logo.pdf, id=488, 269.93045pt x 269.93045pt>
File: images/logo.pdf Graphic file (type pdf)
<use images/logo.pdf>
Package pdftex.def Info: images/logo.pdf  used on input line 52.
(pdftex.def)             Requested size: 85.35805pt x 85.35826pt.
 [1



{C:/Users/Hannes/AppData/Local/MiKTeX/2.9/pdftex/config/pdftex.map} <./images/logo.pdf>]
Package csquotes Info: Redefining character " on input line 52.
 [2]
Package hyperref Info: Option `pageanchor' set `true' on input line 52.
 [3

] (c:\Users\Hannes\projects\bachelorarbeit\bachelorThesis\latex\temp\main\main.toc
Package tocbasic Info: Using my definition of `\numberline' on input line 7.
Package tocbasic Info: Using my definition of `\numberline' on input line 10.

Overfull \hbox (0.1675pt too wide) detected at line 10
 []\T1/lmr/bx/n/10.95 viii[]
 []

Package tocbasic Info: Using my definition of `\numberline' on input line 12.
Package tocbasic Info: Using my definition of `\numberline' on input line 14.
Package tocbasic Info: Using my definition of `\numberline' on input line 18.
Package tocbasic Info: Using my definition of `\numberline' on input line 26.
Package tocbasic Info: Using my definition of `\numberline' on input line 32.
[4

]
LaTeX Font Info:    Try loading font information for T1+lmtt on input line 100.
 ("C:\Program Files\MiKTeX 2.9\tex/latex/lm\t1lmtt.fd"
File: t1lmtt.fd 2009/10/30 v1.6 Font defs for Latin Modern
)
Package tocbasic Info: Using my definition of `\numberline' on input line 116.
Package tocbasic Info: Using my definition of `\numberline' on input line 172.
Package tocbasic Info: Using my definition of `\numberline' on input line 210.
 [5]
Package tocbasic Info: Using my definition of `\numberline' on input line 310.
Package tocbasic Info: Using my definition of `\numberline' on input line 324.
Package tocbasic Info: Using my definition of `\numberline' on input line 330.
Package tocbasic Info: Using my definition of `\numberline' on input line 342.
Package tocbasic Info: Using my definition of `\numberline' on input line 368.
Package tocbasic Info: Using my definition of `\numberline' on input line 374.
 [6]
Package tocbasic Info: Using my definition of `\numberline' on input line 378.
)
\tf@toc=\write5
\openout5 = `main.toc'.

 [7]
\openout2 = `front/vorwort.aux'.

 (front/vorwort.tex [8


]
LaTeX Font Info:    External font `cmex7' loaded for size
(Font)              <5> on input line 58.

Overfull \hbox (0.47836pt too wide) in paragraph at lines 57--62
[]\T1/lmr/m/n/10.95 Dieses Doku-ment und die zuge-hri-gen La-TeX-Klassen sind seit Nov. 2017 auf CTAN[][][]
 []


Underfull \hbox (badness 10000) in paragraph at lines 72--72
[][][]\T1/lmr/m/n/9 Unter []$\T1/lmss/m/n/9 https : / / github . com / Digital -[] Media / HagenbergThesis / blob / master / CHANGELOG . md$[] \T1/lmr/m/n/9 sowie
 []


Overfull \hbox (3.70041pt too wide) in paragraph at lines 77--84
\T1/lmr/m/n/10.95 Trotz groer Mhe en-thlt ein Doku-ment wie dieses im-mer Fehler und Un-zulnglichkeiten
 []

) [9]
\openout2 = `front/kurzfassung.aux'.

 (front/kurzfassung.tex) [10



]
\openout2 = `front/abstract.aux'.

 (front/abstract.tex
Package csquotes Info: Redefining character " on input line 3.
) [11



]
\openout2 = `chapters/einleitung.aux'.

 (chapters/einleitung.tex
Chapter 1.

Overfull \hbox (13.26964pt too wide) in paragraph at lines 43--51
[]\T1/lmr/m/n/10.95 Fr den pro-fes-sionellen elek-tro-n-is-chen Buch-satz wurde frher hu-fig \T1/lmr/m/it/10.95 Adobe Framemaker
 []


LaTeX Warning: Reference `cha:Abbildungen' on page 1 undefined on input line 72.

[1




]

LaTeX Warning: Reference `cha:Abbildungen' on page 2 undefined on input line 90.

) [2]
\openout2 = `chapters/abschlussarbeit.aux'.

 (chapters/abschlussarbeit.tex
Chapter 2.

Overfull \hbox (8.88959pt too wide) in paragraph at lines 29--31
[]\T1/lmr/bx/n/10.95 Zusammenfassung\T1/lmr/m/n/10.95 : Was wurde er-re-icht und welche Ziele sind noch of-fen geblieben,
 []

[3



]
LaTeX Font Info:    Try loading font information for TS1+lmr on input line 93.
 ("C:\Program Files\MiKTeX 2.9\tex/latex/lm\ts1lmr.fd"
File: ts1lmr.fd 2009/10/30 v1.6 Font defs for Latin Modern
)) [4]
\openout2 = `chapters/latex.aux'.

 (chapters/latex.tex
Chapter 3.
[5



] [6] [7]
Overfull \hbox (0.34131pt too wide) in paragraph at lines 204--209
[]\T1/lmr/m/sl/10.95 Slanted \T1/lmr/m/n/10.95 ([][]\T1/lmtt/m/n/10.95 \textsl{..}[]\T1/lmr/m/n/10.95 ) be-deutet eine geneigte Schrift und un-ter-schei-det sich damit
 []


Overfull \hbox (33.78214pt too wide) in paragraph at lines 223--229
[]\T1/lmr/m/n/10.95 allerd-ings auch bei geschachtel-ten Her-vorhe-bun-gen und im Bere-ich an-derer Schriftschnitte
 []

[8]
Overfull \hbox (6.92438pt too wide) in paragraph at lines 269--274
\T1/lmr/m/n/10.95 Abstze wer-den in La-TeX-Quelltext auss-chlielich durch das Ein-f-gen einer oder mehrerer
 []


Overfull \hbox (14.95563pt too wide) in paragraph at lines 321--324
\T1/lmr/m/n/10.95 La-TeX bi-etet -- ab-hngig von der ver-wen-de-ten Doku-menten-klasse -- einen Satz vordefinierter
 []

[9]
Overfull \hbox (2.84941pt too wide) in paragraph at lines 351--357
\T1/lmr/m/n/10.95 HTML -- drei Arten von for-matierten Lis-ten ver-fg-bar: un-ge-ord-nete Au-flis-tung (  Kndel-
 []


Overfull \hbox (1.3284pt too wide) in paragraph at lines 413--425
\T1/lmr/m/n/10.95 Dabei ist der er-ste (op-tionale) Ti-tel [][]\T1/lmtt/m/n/10.95 [Schlussbemerkungen] []\T1/lmr/m/n/10.95 der Ein-trag im In-haltsverze-
 []

[10] [11]
LaTeX Font Info:    Font shape `T1/lmss/m/it' in size <12> not available
(Font)              Font shape `T1/lmss/m/sl' tried instead on input line 496.
 [12]
LaTeX Font Info:    Try loading font information for TS1+lmtt on input line 630.
 ("C:\Program Files\MiKTeX 2.9\tex/latex/lm\ts1lmtt.fd"
File: ts1lmtt.fd 2009/10/30 v1.6 Font defs for Latin Modern
) [13]
LaTeX Font Info:    Font shape `T1/lmtt/bx/n' in size <10.95> not available
(Font)              Font shape `T1/lmtt/b/n' tried instead on input line 650.
Package csquotes Info: Redefining character " on input line 662.
 [14]
LaTeX Font Info:    Font shape `T1/lmss/m/it' in size <14.4> not available
(Font)              Font shape `T1/lmss/m/sl' tried instead on input line 718.

Overfull \hbox (0.93275pt too wide) in paragraph at lines 765--784
\T1/lmr/m/n/10.95 automatisch tren-nen, son-dern ggfs. unge-brochen ber den Zeilen-rand hin-aus-ra-gen lassen!
 []

("C:\Program Files\MiKTeX 2.9\tex/latex/listings\lstlang1.sty"
File: lstlang1.sty 2019/02/27 1.8b listings language file
) ("C:\Program Files\MiKTeX 2.9\tex/latex/listings\lstlang2.sty"
File: lstlang2.sty 2019/02/27 1.8b listings language file
) ("C:\Program Files\MiKTeX 2.9\tex/latex/listings\lstlang3.sty"
File: lstlang3.sty 2019/02/27 1.8b listings language file
) ("C:\Program Files\MiKTeX 2.9\tex/latex/listings\lstmisc.sty"
File: lstmisc.sty 2019/02/27 1.8b (Carsten Heinz)
) ("C:\Program Files\MiKTeX 2.9\tex/latex/listings\lstlang1.sty"
File: lstlang1.sty 2019/02/27 1.8b listings language file
) ("C:\Program Files\MiKTeX 2.9\tex/latex/listings\lstlang2.sty"
File: lstlang2.sty 2019/02/27 1.8b listings language file
) ("C:\Program Files\MiKTeX 2.9\tex/latex/listings\lstlang3.sty"
File: lstlang3.sty 2019/02/27 1.8b listings language file
) ("C:\Program Files\MiKTeX 2.9\tex/latex/listings\lstlang1.sty"
File: lstlang1.sty 2019/02/27 1.8b listings language file
) ("C:\Program Files\MiKTeX 2.9\tex/latex/listings\lstlang2.sty"
File: lstlang2.sty 2019/02/27 1.8b listings language file
) ("C:\Program Files\MiKTeX 2.9\tex/latex/listings\lstlang3.sty"
File: lstlang3.sty 2019/02/27 1.8b listings language file
) ("C:\Program Files\MiKTeX 2.9\tex/latex/listings\lstmisc.sty"
File: lstmisc.sty 2019/02/27 1.8b (Carsten Heinz)
) [15] [16]
LaTeX Font Info:    External font `cmex7' loaded for size
(Font)              <7> on input line 916.
 [17]
Overfull \hbox (14.08951pt too wide) in paragraph at lines 988--1000
\T1/lmr/m/n/10.95 Es wird im \T1/lmtt/m/n/10.95 hagenberg-thesis\T1/lmr/m/n/10.95 -Paket weit-ers eine Reihe von Abkrzungs-makros[][][] definiert,
 []


Overfull \hbox (2.93695pt too wide) in paragraph at lines 988--1000
\T1/lmr/m/n/10.95 wird.[][][] Dies kann not-falls mit einem nach-fol-gen-den   [][]\T1/lmtt/m/n/10.95 \ []\T1/lmr/m/n/10.95  oder umhl-len-den [][]\T1/lmtt/m/n/10.95 {}[]\T1/lmr/m/n/10.95 -Klammern
 []

[18] [19]) [20]
\openout2 = `chapters/abbildungen.aux'.

 (chapters/abbildungen.tex
Chapter 4.
<images/cola-public-domain-photo-p.jpg, id=952, 687.56876pt x 470.75874pt>
File: images/cola-public-domain-photo-p.jpg Graphic file (type jpg)
<use images/cola-public-domain-photo-p.jpg>
Package pdftex.def Info: images/cola-public-domain-photo-p.jpg  used on input line 14.
(pdftex.def)             Requested size: 311.55768pt x 213.31203pt.
[21



 <./images/cola-public-domain-photo-p.jpg>]
<images/ibm-360-color.jpg, id=968, 622.325pt x 351.3125pt>
File: images/ibm-360-color.jpg Graphic file (type jpg)
<use images/ibm-360-color.jpg>
Package pdftex.def Info: images/ibm-360-color.jpg  used on input line 96.
(pdftex.def)             Requested size: 311.55768pt x 175.88095pt.
 [22] [23 <./images/ibm-360-color.jpg>]
Overfull \hbox (0.11557pt too wide) in paragraph at lines 211--216
[]\T1/lmr/m/n/10.95 Besonders gerne wer-den far-bige \T1/lmr/bx/n/10.95 Screen-shots \T1/lmr/m/n/10.95 einer JPEG-Kompression[][][] unter-zogen,
 []

<images/screenshot-dirty.png, id=995, 140.525pt x 140.525pt>
File: images/screenshot-dirty.png Graphic file (type png)
<use images/screenshot-dirty.png>
Package pdftex.def Info: images/screenshot-dirty.png  used on input line 220.
(pdftex.def)             Requested size: 197.3224pt x 197.33401pt.
<images/screenshot-clean.png, id=996, 140.525pt x 140.525pt>
File: images/screenshot-clean.png Graphic file (type png)
<use images/screenshot-clean.png>
Package pdftex.def Info: images/screenshot-clean.png  used on input line 221.
(pdftex.def)             Requested size: 197.3224pt x 197.33401pt.
[24]
LaTeX Font Info:    Font shape `T1/lmss/m/it' in size <10.95> not available
(Font)              Font shape `T1/lmss/m/sl' tried instead on input line 259.
 [25 <./images/screenshot-dirty.png> <./images/screenshot-clean.png>]
Overfull \hbox (10.08325pt too wide) in paragraph at lines 280--283
[]\T1/lmr/m/n/10.95 Durch \T1/lmss/m/n/10.95 Save a Copy... \T1/lmr/m/n/10.95 (als PDF) in Inkscape, mit den Ein-stel-lun-gen wie in Abb. []4.4[](c),
 []

<images/inkscape-template-orig.pdf, id=1015, 159.13165pt x 89.42403pt>
File: images/inkscape-template-orig.pdf Graphic file (type pdf)
<use images/inkscape-template-orig.pdf>
Package pdftex.def Info: images/inkscape-template-orig.pdf  used on input line 299.
(pdftex.def)             Requested size: 159.13124pt x 89.4238pt.
(images/inkscape-template.pdf_tex
<images/inkscape-template.pdf, id=1016, page=1, 159.07356pt x 90.11118pt>
File: images/inkscape-template.pdf Graphic file (type pdf)
<use images/inkscape-template.pdf, page 1>
Package pdftex.def Info: images/inkscape-template.pdf , page1 used on input line 52.
(pdftex.def)             Requested size: 159.07355pt x 90.11642pt.
)
<images/inkscape-pdf-save-screenhot.png, id=1017, 261.97874pt x 235.63031pt>
File: images/inkscape-pdf-save-screenhot.png Graphic file (type png)
<use images/inkscape-pdf-save-screenhot.png>
Package pdftex.def Info: images/inkscape-pdf-save-screenhot.png  used on input line 305.
(pdftex.def)             Requested size: 166.16156pt x 149.45459pt.
 [26 <./images/inkscape-template-orig.pdf> <./images/inkscape-template.pdf

pdfTeX warning: pdflatex (file ./images/inkscape-template.pdf): PDF inclusion: multiple pdfs with page group included in a single page
> <./images/inkscape-pdf-save-screenhot.png>]
<images/mathematica-example.pdf, id=1036, 361.35pt x 107.40125pt>
File: images/mathematica-example.pdf Graphic file (type pdf)
<use images/mathematica-example.pdf>
Package pdftex.def Info: images/mathematica-example.pdf  used on input line 396.
(pdftex.def)             Requested size: 353.10124pt x 104.95094pt.
 [27]
Overfull \hbox (7.15213pt too wide) in paragraph at lines 445--450
\T1/lmr/m/n/10.95 Werden mehrere Bilder oder Grafiken zu einer Ab-bil-dung zusam-menge-fasst, wird blicher-
 []

[28 <./images/mathematica-example.pdf>]
<images/overhang-mounting.png, id=1084, 177.0615pt x 146.7081pt>
File: images/overhang-mounting.png Graphic file (type png)
<use images/overhang-mounting.png>
Package pdftex.def Info: images/overhang-mounting.png  used on input line 471.
(pdftex.def)             Requested size: 186.93333pt x 154.8987pt.
<images/straddle-mounting.png, id=1085, 177.0615pt x 146.7081pt>
File: images/straddle-mounting.png Graphic file (type png)
<use images/straddle-mounting.png>
Package pdftex.def Info: images/straddle-mounting.png  used on input line 472.
(pdftex.def)             Requested size: 186.93333pt x 154.8987pt.
<images/ball-bearing-1.png, id=1086, 165.4983pt x 189.3474pt>
File: images/ball-bearing-1.png Graphic file (type png)
<use images/ball-bearing-1.png>
Package pdftex.def Info: images/ball-bearing-1.png  used on input line 476.
(pdftex.def)             Requested size: 186.93333pt x 213.88782pt.
<images/ball-bearing-2.png, id=1087, 166.9437pt x 189.3474pt>
File: images/ball-bearing-2.png Graphic file (type png)
<use images/ball-bearing-2.png>
Package pdftex.def Info: images/ball-bearing-2.png  used on input line 477.
(pdftex.def)             Requested size: 186.93333pt x 212.02429pt.
Package hyperref Info: bookmark level for unknown program defaults to 0 on input line 524.
 [29 <./images/overhang-mounting.png> <./images/straddle-mounting.png> <./images/ball-bearing-1.png> <./images/ball-bearing-2.png>]
Package csquotes Info: Redefining character " on input line 572.

Underfull \hbox (badness 10000) in paragraph at lines 585--585
[]\T1/lmr/m/n/10 flat shad-ing with
 []


Underfull \hbox (badness 10000) in paragraph at lines 590--590
[]\T1/lmr/m/n/10 goraud shad-ing
 []


Underfull \hbox (badness 10000) in paragraph at lines 592--592
[]\T1/lmr/m/n/10 smooth shad-ing, sim-ple fog,
 []


Underfull \hbox (badness 10000) in paragraph at lines 595--595
[]\T1/lmr/m/n/10 phong shad-ing
 []


Underfull \hbox (badness 10000) in paragraph at lines 600--600
[]\T1/lmr/m/n/10 texture map-ping
 []


Underfull \hbox (badness 10000) in paragraph at lines 602--602
[]\T1/lmr/m/n/10 surface tex-tures, sim-ple
 []


Underfull \hbox (badness 10000) in paragraph at lines 603--604
[]\T1/lmr/m/n/10 SGI high end,
 []


Overfull \hbox (2.60785pt too wide) in paragraph at lines 643--675
\T1/lmr/m/n/10.95 und \T1/lmtt/m/n/10.95 listingsutf8\T1/lmr/m/n/10.95 .[][][] Damit sind auch die in Tabelle []4.3[] aufge-lis-teten Code-Umgebungen
 []

[30] [31] ("C:\Program Files\MiKTeX 2.9\tex/latex/listings\lstlang1.sty"
File: lstlang1.sty 2019/02/27 1.8b listings language file
) [32]) [33] [34]
\openout2 = `chapters/mathematik.aux'.

 (chapters/mathematik.tex
Chapter 5.

Overfull \hbox (46.00714pt too wide) in paragraph at lines 43--45
[]\T1/lmr/m/n/10.95 Einen ein-fachen Zeilen-vek-tor definiert man beispiel-sweise in der Form $[] \OT1/lmr/m/n/10.95 = (\OML/lmm/m/it/10.95 x[]; x[]; [] ; x[]\OT1/lmr/m/n/10.95 )$\T1/lmr/m/n/10.95 . 
 []

[35



] [36] [37] [38]
Overfull \hbox (4.56648pt too wide) in paragraph at lines 286--289
\T1/lmr/m/n/10.95 Grundstzlich soll-ten de-r-art lange Sym-bol-na-men aber ohne-hin ver-mieden und stattdessen
 []


Overfull \hbox (9.42863pt too wide) in paragraph at lines 322--325
\T1/lmr/m/n/10.95 gewicht von 15 t. Der Pro-to-typ kostete ber 25.000.000 US$, also ca. 19.200.000
 []


Overfull \hbox (10.26805pt too wide) in paragraph at lines 336--338
\T1/lmr/m/n/10.95 dem an-gloamerikanis-chen Stil in Dez-i-malzahlen grund-st-zlich den \T1/lmr/m/it/10.95 Punkt \T1/lmr/m/n/10.95 ([][]\T1/lmtt/m/n/10.95 .[]\T1/lmr/m/n/10.95 ) als Trennsym-
 []

[39]
Overfull \hbox (2.05501pt too wide) in paragraph at lines 360--365
\T1/lmr/m/n/10.95 Bindeglied zwis-chen der math-e-ma-tis-chen For-mulierung und dem zuge-hri-gen Pro-gramm-
 []


Underfull \hbox (badness 4608) in paragraph at lines 373--373
[][][]\T1/lmr/m/n/9 Siehe auch []$\T1/lmss/m/n/9 http : / / mirror . easyname . at / ctan / macros / latex / contrib / algorithms / algorithms . pdf$[] \T1/lmr/m/n/9 (Ab-
 []


Overfull \hbox (2.14915pt too wide) in paragraph at lines 386--389
[]\T1/lmr/m/n/10.95 Verwende keine El-e-mente oder Syn-tax einer spez-i-fis-chen Pro-gram-mier-sprache (z.B.
 []

[40]
Package hyperref Info: bookmark level for unknown algorithm defaults to 0 on input line 416.
) [41] [42] [43]
\openout2 = `chapters/literatur.aux'.

 (chapters/literatur.tex
Chapter 6.
[44



] [45]
Package csquotes Info: Redefining character " on input line 178.
 [46]
Overfull \hbox (11.86069pt too wide) in paragraph at lines 241--245
\T1/lmr/m/n/10.95 Sekundrquelle \T1/lmr/m/it/10.95 gemein-sam \T1/lmr/m/n/10.95 angegeben wer-den, wie im nach-fol-gen-den Beispiel gezeigt. 
 []

[47] [48] [49] [50] [51] [52] [53] [54]
Overfull \hbox (5.00635pt too wide) in paragraph at lines 764--765
[]$\T1/lmss/m/n/10.95 https : / / www . ris . bka . gv . at / Dokumente / Landesnormen / LOO40007538 / LOO40007538 .
 []

[55]
Overfull \hbox (13.40266pt too wide) in paragraph at lines 790--797
\T1/lmr/m/n/10.95 chlielich on-line ver-fg-bar sind -- diese soll-ten mit einem El-e-ment-typ \T1/lmtt/m/n/10.95 @online \T1/lmr/m/n/10.95 (s. Tabelle []6.2[]
 []


Overfull \hbox (10.8205pt too wide) in paragraph at lines 846--847
\T1/lmr/m/n/10.95 Color Pho-tographs. Aug. 1940. \T1/lmr/m/sc/10.95 url\T1/lmr/m/n/10.95 : []$\T1/lmss/m/n/10.95 https : / / www . loc . gov / pictures / item / 2017877479/$[] 
 []

[56]
Overfull \hbox (10.02487pt too wide) in paragraph at lines 901--910
\T1/lmr/m/n/10.95 Dieser Ein-tragstyp ist fr Filme re-serviert. Hier wird von vorn-herein \T1/lmr/m/it/10.95 kein \T1/lmr/m/n/10.95 Au-tor angegeben,
 []

[57] [58]
Overfull \hbox (4.557pt too wide) in paragraph at lines 1008--1015
\T1/lmr/m/n/10.95 das Quel-len-verze-ich-nis dur-chaus berechtigt. Beispiel-sweise beze-ich-net man als   Reliquien-
 []

[59] [60])
Overfull \hbox (11.78949pt too wide) in paragraph at lines 1205--68
\T1/lmr/m/n/10.95 Im Zweifels-fall finden sich de-tail-liert-ere Regeln in je-dem guten Buch ber wis-senschaftliches
 []

[61]
\openout2 = `chapters/drucken.aux'.

 (chapters/drucken.tex
Chapter 7.
[62



]
Overfull \hbox (16.44505pt too wide) in paragraph at lines 190--192
[]\T1/lmr/m/n/10.95 Jedem abzugeben-den Ex-em-plar muss eine iden-tis-che Kopie des Da-ten-trgers beiliegen. 
 []

[63]) [64]
\openout2 = `chapters/schluss.aux'.

 (chapters/schluss.tex
Chapter 8.

Underfull \hbox (badness 1859) in paragraph at lines 51--51
[]\T1/lmr/bx/n/10.95 Gleichungen/Formeln: \T1/lmr/m/n/10.95 mathem. El-e-mente auch im Flie-text richtig
 []

) [65



] [66]
\openout2 = `back/anhang_a.aux'.

 (back/anhang_a.tex
Appendix A.
[67



]
Overfull \hbox (2.87038pt too wide) in paragraph at lines 66--71
\T1/lmr/m/n/10.95 in TeXnic-Cen-ter im-portieren. \T1/lmr/bx/n/10.95 Achtung\T1/lmr/m/n/10.95 : Alle neu an-gelegten \T1/lmtt/m/n/10.95 .tex\T1/lmr/m/n/10.95 -Dateien soll-ten grund-
 []


Overfull \hbox (7.35506pt too wide) in paragraph at lines 82--87
\T1/lmr/m/it/10.95 TeXMk \T1/lmr/m/n/10.95 ver-wen-det wer-den. Dieses Perl-Skript erkennt au-toma-tisch, wie viele Aufrufe
 []

) [68]
\openout2 = `back/anhang_b.aux'.

 (back/anhang_b.tex
Appendix B.
[69



]) [70]
\openout2 = `back/anhang_c.aux'.

 (back/anhang_c.tex
Appendix C.

Overfull \hbox (3.2435pt too wide) in paragraph at lines 33--35
\T1/lmr/m/n/10.95 Die einge-bun-de-nen Seiten wer-den durch [][]\T1/lmtt/m/n/10.95 width=\textwidth []\T1/lmr/m/n/10.95 au-toma-tisch auf die Textbre-
 []

[71



]
<images/fragebogen.pdf, id=1954, 597.50829pt x 845.0471pt>
File: images/fragebogen.pdf Graphic file (type pdf)
<use images/fragebogen.pdf>
Package pdftex.def Info: images/fragebogen.pdf  used on input line 66.
(pdftex.def)             Requested size: 597.50682pt x 845.04504pt.
File: images/fragebogen.pdf Graphic file (type pdf)
<use images/fragebogen.pdf>
Package pdftex.def Info: images/fragebogen.pdf  used on input line 66.
(pdftex.def)             Requested size: 597.50682pt x 845.04504pt.
<images/fragebogen.pdf, id=1957, page=1, 597.50829pt x 845.0471pt>
File: images/fragebogen.pdf Graphic file (type pdf)
<use images/fragebogen.pdf, page 1>
Package pdftex.def Info: images/fragebogen.pdf , page1 used on input line 66.
(pdftex.def)             Requested size: 415.41025pt x 587.5059pt.
File: images/fragebogen.pdf Graphic file (type pdf)
<use images/fragebogen.pdf, page 1>
Package pdftex.def Info: images/fragebogen.pdf , page1 used on input line 66.
(pdftex.def)             Requested size: 859.11662pt x 1215.03592pt.
 [72]
File: images/fragebogen.pdf Graphic file (type pdf)
<use images/fragebogen.pdf, page 1>
Package pdftex.def Info: images/fragebogen.pdf , page1 used on input line 66.
(pdftex.def)             Requested size: 859.11662pt x 1215.03592pt.
File: images/fragebogen.pdf Graphic file (type pdf)
<use images/fragebogen.pdf, page 1>
Package pdftex.def Info: images/fragebogen.pdf , page1 used on input line 66.
(pdftex.def)             Requested size: 859.11662pt x 1215.03592pt.
File: images/fragebogen.pdf Graphic file (type pdf)
<use images/fragebogen.pdf, page 1>
Package pdftex.def Info: images/fragebogen.pdf , page1 used on input line 66.
(pdftex.def)             Requested size: 859.11662pt x 1215.03592pt.
 [73 <./images/fragebogen.pdf>]
<images/fragebogen.pdf, id=2015, page=2, 597.50829pt x 845.0471pt>
File: images/fragebogen.pdf Graphic file (type pdf)
<use images/fragebogen.pdf, page 2>
Package pdftex.def Info: images/fragebogen.pdf , page2 used on input line 66.
(pdftex.def)             Requested size: 859.11662pt x 1215.03592pt.
File: images/fragebogen.pdf Graphic file (type pdf)
<use images/fragebogen.pdf, page 2>
Package pdftex.def Info: images/fragebogen.pdf , page2 used on input line 66.
(pdftex.def)             Requested size: 859.11662pt x 1215.03592pt.
File: images/fragebogen.pdf Graphic file (type pdf)
<use images/fragebogen.pdf, page 2>
Package pdftex.def Info: images/fragebogen.pdf , page2 used on input line 66.
(pdftex.def)             Requested size: 859.11662pt x 1215.03592pt.
 [74 <./images/fragebogen.pdf>])
\openout2 = `back/anhang_d.aux'.

 (back/anhang_d.tex
Appendix D.
File: main.tex  (verbatim)

Overfull \hbox (99.61375pt too wide) in paragraph at lines 21--21
[]\T1/lmtt/m/n/9 \title{Latent Representation of Topographic adsf asdfClasses in Remote Sensing Image Data using Autoencoders}[] 
 []

[75



] [76]) [77] [78


] [79] [80] [81]
\openout2 = `back/messbox.aux'.

 (back/messbox.tex) [82


]
Package atveryend Info: Empty hook `BeforeClearDocument' on input line 89.
Package atveryend Info: Empty hook `AfterLastShipout' on input line 89.
 (c:\Users\Hannes\projects\bachelorarbeit\bachelorThesis\latex\temp\main\main.aux (front/vorwort.aux) (front/kurzfassung.aux) (front/abstract.aux) (chapters/einleitung.aux) (chapters/abschlussarbeit.aux) (chapters/latex.aux) (chapters/abbildungen.aux) (chapters/mathematik.aux) (chapters/literatur.aux) (chapters/drucken.aux) (chapters/schluss.aux) (back/anhang_a.aux) (back/anhang_b.aux) (back/anhang_c.aux) (back/anhang_d.aux) (back/messbox.aux))
Package atveryend Info: Executing hook `AtVeryEndDocument' on input line 89.
Package atveryend Info: Executing hook `AtEndAfterFileList' on input line 89.
Package rerunfilecheck Info: File `main.out' has not changed.
(rerunfilecheck)             Checksum: E2EB25D24A2F6E82F6603BBE3A0B193C;19506.


LaTeX Warning: There were undefined references.

Package logreq Info: Writing requests to 'main.run.xml'.
\openout1 = `main.run.xml'.

 ) 
Here is how much of TeX's memory you used:
 30116 strings out of 492895
 476759 string characters out of 3133477
 1240671 words of memory out of 3000000
 32450 multiletter control sequences out of 15000+200000
 202740 words of font info for 140 fonts, out of 3000000 for 9000
 1143 hyphenation exceptions out of 8191
 67i,19n,125p,1151b,3492s stack positions out of 5000i,500n,10000p,200000b,50000s
{C:/Program Files/MiKTeX 2.9/fonts/enc/dvips/lm/lm-ec.enc}{C:/Program Files/MiKTeX 2.9/fonts/enc/dvips/lm/lm-rm.enc}{C:/Program Files/MiKTeX 2.9/fonts/enc/dvips/lm/lm-mathit.enc}{C:/Program Files/MiKTeX 2.9/fonts/enc/dvips/lm/lm-mathsy.enc}{C:/Program Files/MiKTeX 2.9/fonts/enc/dvips/lm/lm-ts1.enc}<C:/Program Files/MiKTeX 2.9/fonts/type1/public/amsfonts/cm/cmex10.pfb><C:/Program Files/MiKTeX 2.9/fonts/type1/public/eurosym/feymr10.pfb><C:/Program Files/MiKTeX 2.9/fonts/type1/public/lm/lmbx10.pfb><C:/Program Files/MiKTeX 2.9/fonts/type1/public/lm/lmbx9.pfb><C:/Program Files/MiKTeX 2.9/fonts/type1/public/lm/lmbxi10.pfb><C:/Program Files/MiKTeX 2.9/fonts/type1/public/lm/lmcsc10.pfb><C:/Program Files/MiKTeX 2.9/fonts/type1/public/lm/lmmi10.pfb><C:/Program Files/MiKTeX 2.9/fonts/type1/public/lm/lmmi8.pfb><C:/Program Files/MiKTeX 2.9/fonts/type1/public/lm/lmmi9.pfb><C:/Program Files/MiKTeX 2.9/fonts/type1/public/lm/lmmib10.pfb><C:/Program Files/MiKTeX 2.9/fonts/type1/public/lm/lmr10.pfb><C:/Program Files/MiKTeX 2.9/fonts/type1/public/lm/lmr12.pfb><C:/Program Files/MiKTeX 2.9/fonts/type1/public/lm/lmr17.pfb><C:/Program Files/MiKTeX 2.9/fonts/type1/public/lm/lmr6.pfb><C:/Program Files/MiKTeX 2.9/fonts/type1/public/lm/lmr7.pfb><C:/Program Files/MiKTeX 2.9/fonts/type1/public/lm/lmr8.pfb><C:/Program Files/MiKTeX 2.9/fonts/type1/public/lm/lmr9.pfb><C:/Program Files/MiKTeX 2.9/fonts/type1/public/lm/lmri10.pfb><C:/Program Files/MiKTeX 2.9/fonts/type1/public/lm/lmri8.pfb><C:/Program Files/MiKTeX 2.9/fonts/type1/public/lm/lmri9.pfb><C:/Program Files/MiKTeX 2.9/fonts/type1/public/lm/lmro10.pfb><C:/Program Files/MiKTeX 2.9/fonts/type1/public/lm/lmss10.pfb><C:/Program Files/MiKTeX 2.9/fonts/type1/public/lm/lmss12.pfb><C:/Program Files/MiKTeX 2.9/fonts/type1/public/lm/lmss17.pfb><C:/Program Files/MiKTeX 2.9/fonts/type1/public/lm/lmss9.pfb><C:/Program Files/MiKTeX 2.9/fonts/type1/public/lm/lmssbx10.pfb><C:/Program Files/MiKTeX 2.9/fonts/type1/public/lm/lmsso10.pfb><C:/Program Files/MiKTeX 2.9/fonts/type1/public/lm/lmsso12.pfb><C:/Program Files/MiKTeX 2.9/fonts/type1/public/lm/lmsy10.pfb><C:/Program Files/MiKTeX 2.9/fonts/type1/public/lm/lmsy6.pfb><C:/Program Files/MiKTeX 2.9/fonts/type1/public/lm/lmsy8.pfb><C:/Program Files/MiKTeX 2.9/fonts/type1/public/lm/lmsy9.pfb><C:/Program Files/MiKTeX 2.9/fonts/type1/public/lm/lmtk10.pfb><C:/Program Files/MiKTeX 2.9/fonts/type1/public/lm/lmtt10.pfb><C:/Program Files/MiKTeX 2.9/fonts/type1/public/lm/lmtt12.pfb><C:/Program Files/MiKTeX 2.9/fonts/type1/public/lm/lmtt8.pfb><C:/Program Files/MiKTeX 2.9/fonts/type1/public/lm/lmtt9.pfb><C:/Program Files/MiKTeX 2.9/fonts/type1/public/lm/lmtti10.pfb><C:/Program Files/MiKTeX 2.9/fonts/type1/public/amsfonts/symbols/msam10.pfb><C:/Program Files/MiKTeX 2.9/fonts/type1/public/amsfonts/symbols/msbm10.pfb>
Output written on c:\Users\Hannes\projects\bachelorarbeit\bachelorThesis\latex\temp\main\main.pdf (93 pages, 1921177 bytes).
PDF statistics:
 2478 PDF objects out of 2487 (max. 8388607)
 797 named destinations out of 1000 (max. 500000)
 1071 words of extra memory for PDF output out of 10000 (max. 10000000)

