\BOOKMARK [1][-]{section.1}{Abstract}{}% 1
\BOOKMARK [1][-]{section.2}{Introduction}{}% 2
\BOOKMARK [1][-]{section.3}{Background}{}% 3
\BOOKMARK [2][-]{subsection.3.1}{Remote Sensing}{section.3}% 4
\BOOKMARK [2][-]{subsection.3.2}{Artificial Neuron}{section.3}% 5
\BOOKMARK [2][-]{subsection.3.3}{Artificial Neural Network}{section.3}% 6
\BOOKMARK [2][-]{subsection.3.4}{Convolutional Neural Networks}{section.3}% 7
\BOOKMARK [2][-]{subsection.3.5}{Autoencoders}{section.3}% 8
\BOOKMARK [2][-]{subsection.3.6}{Variational Autoencoders}{section.3}% 9
\BOOKMARK [2][-]{subsection.3.7}{Kullback-Leibler Divergence}{section.3}% 10
\BOOKMARK [3][-]{subsubsection.3.7.1}{Entropy}{subsection.3.7}% 11
\BOOKMARK [3][-]{subsubsection.3.7.2}{Cross Entropy}{subsection.3.7}% 12
\BOOKMARK [3][-]{subsubsection.3.7.3}{Kullback-Leibler Divergence}{subsection.3.7}% 13
\BOOKMARK [2][-]{subsection.3.8}{t-Distributed Stochastic Neighbor Embedding}{section.3}% 14
\BOOKMARK [1][-]{section.4}{Methodology}{}% 15
\BOOKMARK [2][-]{subsection.4.1}{Environment}{section.4}% 16
\BOOKMARK [3][-]{subsubsection.4.1.1}{Hardware}{subsection.4.1}% 17
\BOOKMARK [3][-]{subsubsection.4.1.2}{Software}{subsection.4.1}% 18
\BOOKMARK [2][-]{subsection.4.2}{Datasets}{section.4}% 19
\BOOKMARK [2][-]{subsection.4.3}{Architecture}{section.4}% 20
\BOOKMARK [3][-]{subsubsection.4.3.1}{Fully Convolutional Architecture}{subsection.4.3}% 21
\BOOKMARK [3][-]{subsubsection.4.3.2}{Max Pooling Architecture}{subsection.4.3}% 22
\BOOKMARK [2][-]{subsection.4.4}{Understanding Latent Space}{section.4}% 23
\BOOKMARK [1][-]{section.5}{Experiments}{}% 24
\BOOKMARK [2][-]{subsection.5.1}{Variational Autoencoder Architecture}{section.5}% 25
\BOOKMARK [3][-]{subsubsection.5.1.1}{Number of Convolutions}{subsection.5.1}% 26
\BOOKMARK [3][-]{subsubsection.5.1.2}{Number of Filters}{subsection.5.1}% 27
\BOOKMARK [3][-]{subsubsection.5.1.3}{Kernel Size}{subsection.5.1}% 28
\BOOKMARK [3][-]{subsubsection.5.1.4}{Pooling}{subsection.5.1}% 29
\BOOKMARK [3][-]{subsubsection.5.1.5}{Best Architectures}{subsection.5.1}% 30
\BOOKMARK [2][-]{subsection.5.2}{Latent Space}{section.5}% 31
\BOOKMARK [3][-]{subsubsection.5.2.1}{Fully convolutional Architecture}{subsection.5.2}% 32
\BOOKMARK [3][-]{subsubsection.5.2.2}{Pooling Architecture}{subsection.5.2}% 33
\BOOKMARK [1][-]{section.6}{Conclusion and Future Work}{}% 34
\BOOKMARK [2][-]{subsection.6.1}{Conclusion}{section.6}% 35
\BOOKMARK [2][-]{subsection.6.2}{Future Work}{section.6}% 36
